#
# A fatal error has been detected by the Java Runtime Environment:
#
#  SIGSEGV (0xb) at pc=0x00007f32ef8cbaa3, pid=5260, tid=5336
#
# JRE version: OpenJDK Runtime Environment Temurin-17.0.1+12 (17.0.1+12) (build 17.0.1+12)
# Java VM: OpenJDK 64-Bit Server VM Temurin-17.0.1+12 (17.0.1+12, mixed mode, tiered, compressed oops, compressed class ptrs, parallel gc, linux-amd64)
# Problematic frame:
# V  [libjvm.so+0xcb6aa3]  oopDesc* PSPromotionManager::copy_unmarked_to_survivor_space<false>(oopDesc*, markWord)+0x473
#
# Core dump will be written. Default location: Core dumps may be processed with "/usr/share/apport/apport %p %s %c %d %P %E" (or dumping to /media/abid/Work/coding/Student-Assistant/core.5260)
#
# If you would like to submit a bug report, please visit:
#   https://github.com/adoptium/adoptium-support/issues
#

---------------  S U M M A R Y ------------

Command Line: --add-modules=ALL-SYSTEM --add-opens=java.base/java.util=ALL-UNNAMED --add-opens=java.base/java.lang=ALL-UNNAMED -Declipse.application=org.eclipse.jdt.ls.core.id1 -Dosgi.bundles.defaultStartLevel=4 -Declipse.product=org.eclipse.jdt.ls.core.product -Djava.import.generatesMetadataFilesAtProjectRoot=false -Dfile.encoding=utf8 -XX:+UseParallelGC -XX:GCTimeRatio=4 -XX:AdaptiveSizePolicyWeight=90 -Dsun.zip.disableMemoryMapping=true -Xmx4G -Xms100m -XX:+HeapDumpOnOutOfMemoryError -XX:HeapDumpPath=/home/abid/.config/Code/User/workspaceStorage/f19c83b4bab359a166dc99e5e6521e75/redhat.java /home/abid/.vscode/extensions/redhat.java-1.2.0/server/plugins/org.eclipse.equinox.launcher_1.6.400.v20210924-0641.jar -configuration /home/abid/.config/Code/User/globalStorage/redhat.java/1.2.0/config_linux -data /home/abid/.config/Code/User/workspaceStorage/f19c83b4bab359a166dc99e5e6521e75/redhat.java/jdt_ws

Host: Intel(R) Pentium(R) CPU G4560 @ 3.50GHz, 4 cores, 7G, Ubuntu 20.04.3 LTS
Time: Tue Jan 25 10:54:17 2022 +06 elapsed time: 6610.092329 seconds (0d 1h 50m 10s)

---------------  T H R E A D  ---------------

Current thread (0x00007f32c0001840):  GCTaskThread "GC Thread#2" [stack: 0x00007f3296deb000,0x00007f3296eeb000] [id=5336]

Stack: [0x00007f3296deb000,0x00007f3296eeb000],  sp=0x00007f3296ee9b20,  free space=1018k
Native frames: (J=compiled Java code, j=interpreted, Vv=VM code, C=native code)
V  [libjvm.so+0xcb6aa3]  oopDesc* PSPromotionManager::copy_unmarked_to_survivor_space<false>(oopDesc*, markWord)+0x473
V  [libjvm.so+0xcb65c8]  PSPromotionManager::drain_stacks_depth(bool)+0x788
V  [libjvm.so+0xc99d7b]  PSCardTable::scavenge_contents_parallel(ObjectStartArray*, MutableSpace*, HeapWordImpl**, PSPromotionManager*, unsigned int, unsigned int)+0x8fb
V  [libjvm.so+0xcbb394]  ScavengeRootsTask::work(unsigned int)+0xd4
V  [libjvm.so+0xfab56c]  GangWorker::loop()+0x5c
V  [libjvm.so+0xfab5be]
V  [libjvm.so+0xf01b62]  Thread::call_run()+0xe2
V  [libjvm.so+0xc3ccd1]  thread_native_entry(Thread*)+0xe1


siginfo: si_signo: 11 (SIGSEGV), si_code: 2 (SEGV_ACCERR), si_addr: 0x00007f32f04922c0

Register to memory mapping:

RAX=0x00007f32f02122c0: <offset 0x00000000015fd2c0> in /home/abid/.vscode/extensions/redhat.java-1.2.0/jre/17.0.1-linux-x86_64/lib/server/libjvm.so at 0x00007f32eec15000
RBX=0x000000070f987693 points into unknown readable memory: 00 00 00 00 00
RCX=0x0000000000050000 is an unknown value
RDX=0x00000008002932f2 is pointing into metadata
RSP=0x00007f3296ee9b20 points into unknown readable memory: 0x00007f32f0444050 | 50 40 44 f0 32 7f 00 00
RBP=0x00007f3296ee9ba0 points into unknown readable memory: 0x00007f3296ee9bf0 | f0 9b ee 96 32 7f 00 00
RSI=0x000000070f987690 points into unknown readable memory: 0x0000000000000009 | 09 00 00 00 00 00 00 00
RDI=0x00007f3296ee9b50 points into unknown readable memory: 0x00007f32f01084a0 | a0 84 10 f0 32 7f 00 00
R8 =0xfffffffffffffff0 is an unknown value
R9 =0x0000000000058010 is an unknown value
R10=0x0000000800041e60 is pointing into metadata
R11=0x000000070f987690 points into unknown readable memory: 0x0000000000000009 | 09 00 00 00 00 00 00 00
R12=0x00007f32e814bd80 points into unknown readable memory: 0x00007f32f01a7408 | 08 74 1a f0 32 7f 00 00
R13=0x00000007ab19dc58 points into unknown readable memory: 0x000000070f987693 | 93 76 98 0f 07 00 00 00
R14=0x000000070f987690 points into unknown readable memory: 0x0000000000000009 | 09 00 00 00 00 00 00 00
R15=0x0000000000000001 is an unknown value


Registers:
RAX=0x00007f32f02122c0, RBX=0x000000070f987693, RCX=0x0000000000050000, RDX=0x00000008002932f2
RSP=0x00007f3296ee9b20, RBP=0x00007f3296ee9ba0, RSI=0x000000070f987690, RDI=0x00007f3296ee9b50
R8 =0xfffffffffffffff0, R9 =0x0000000000058010, R10=0x0000000800041e60, R11=0x000000070f987690
R12=0x00007f32e814bd80, R13=0x00000007ab19dc58, R14=0x000000070f987690, R15=0x0000000000000001
RIP=0x00007f32ef8cbaa3, EFLAGS=0x0000000000010217, CSGSFS=0x002b000000000033, ERR=0x0000000000000004
  TRAPNO=0x000000000000000e

Top of Stack: (sp=0x00007f3296ee9b20)
0x00007f3296ee9b20:   00007f32f0444050 0000000000000018
0x00007f3296ee9b30:   00007f32f02128c0 0000000100000000
0x00007f3296ee9b40:   000000000000b002 0000000000000009
0x00007f3296ee9b50:   00007f32f01084a0 00007f32e80a79e0 

Instructions: (pc=0x00007f32ef8cbaa3)
0x00007f32ef8cb9a3:   e0 3f 88 04 11 48 8d 05 11 6f 94 00 48 89 c7 48
0x00007f32ef8cb9b3:   89 45 90 e8 65 3d ae ff 84 c0 41 89 c7 0f 84 4a
0x00007f32ef8cb9c3:   03 00 00 48 8b 45 a0 48 8d 14 c5 00 00 00 00 48
0x00007f32ef8cb9d3:   8d 05 14 b6 92 00 80 38 00 0f 85 46 05 00 00 49
0x00007f32ef8cb9e3:   8b 75 08 8b 4d 9c 48 8b 7d 90 41 b8 01 00 00 00
0x00007f32ef8cb9f3:   e8 48 3d ae ff e9 e5 fc ff ff 0f 1f 00 45 84 ff
0x00007f32ef8cba03:   0f 84 17 03 00 00 41 8b 94 24 fc 05 00 00 48 8d
0x00007f32ef8cba13:   05 d5 b5 92 00 48 3b 55 a0 0f b6 00 0f 83 33 03
0x00007f32ef8cba23:   00 00 84 c0 0f 84 c3 01 00 00 48 8d 05 cc 48 8e
0x00007f32ef8cba33:   00 41 8b 56 08 8b 48 08 48 89 d6 48 d3 e6 48 89
0x00007f32ef8cba43:   f1 48 8b 30 81 7c 0e 08 00 00 00 c0 7d 10 48 8d
0x00007f32ef8cba53:   0d 40 57 8e 00 80 39 00 0f 85 b4 01 00 00 8b 48
0x00007f32ef8cba63:   08 48 d3 e2 48 03 10 8b 42 08 3d ff ff ff bf 77
0x00007f32ef8cba73:   32 48 8d 05 4d 6f 94 00 4c 89 65 c0 48 8d 7d b0
0x00007f32ef8cba83:   4c 89 f6 48 8b 00 48 89 45 b8 48 8d 05 0c ca 83
0x00007f32ef8cba93:   00 48 89 45 b0 48 63 4a 0c 48 8d 05 1d 68 94 00
0x00007f32ef8cbaa3:   ff 14 c8 48 83 c4 58 4c 89 f0 5b 41 5c 41 5d 41
0x00007f32ef8cbab3:   5e 41 5f 5d c3 0f 1f 84 00 00 00 00 00 49 8d 44
0x00007f32ef8cbac3:   24 28 48 89 c7 48 89 45 90 e8 ef de ff ff 48 8d
0x00007f32ef8cbad3:   05 e8 52 8e 00 4c 8b 3d a1 6d 94 00 4c 8b 30 66
0x00007f32ef8cbae3:   0f 1f 44 00 00 49 8b bf a0 00 00 00 4c 89 f6 48
0x00007f32ef8cbaf3:   8b 07 ff 90 a8 00 00 00 48 85 c0 0f 84 cc 01 00
0x00007f32ef8cbb03:   00 49 8b b7 98 00 00 00 48 89 c2 48 89 c1 48 c1
0x00007f32ef8cbb13:   ea 03 48 c1 e9 09 4c 8b 7d 90 83 e2 3f 88 14 0e
0x00007f32ef8cbb23:   48 8d 0d 96 52 8e 00 48 89 c6 4c 89 ff 48 8b 11
0x00007f32ef8cbb33:   e8 08 e0 ff ff 4d 8b 74 24 30 49 8b 44 24 40 48
0x00007f32ef8cbb43:   8b 75 a0 4c 29 f0 48 c1 e8 03 48 39 c6 77 3e 48
0x00007f32ef8cbb53:   8d 14 f5 00 00 00 00 4c 89 f1 48 c1 e9 09 49 8d
0x00007f32ef8cbb63:   04 16 49 89 44 24 30 49 8b 44 24 50 48 8b 70 78
0x00007f32ef8cbb73:   4c 89 f0 48 c1 e8 03 83 e0 3f 4d 85 f6 88 04 0e
0x00007f32ef8cbb83:   0f 85 07 03 00 00 0f 1f 80 00 00 00 00 48 8b 55
0x00007f32ef8cbb93:   a8 41 c6 44 24 59 01 4c 89 ee 4c 89 e7 e8 3b ef 


Stack slot to memory mapping:
stack at sp + 0 slots: 0x00007f32f0444050: <offset 0x0000000000010050> in /lib/x86_64-linux-gnu/libpthread.so.0 at 0x00007f32f0434000
stack at sp + 1 slots: 0x0000000000000018 is an unknown value
stack at sp + 2 slots: 0x00007f32f02128c0: <offset 0x00000000015fd8c0> in /home/abid/.vscode/extensions/redhat.java-1.2.0/jre/17.0.1-linux-x86_64/lib/server/libjvm.so at 0x00007f32eec15000
stack at sp + 3 slots: 0x0000000100000000 is an unknown value
stack at sp + 4 slots: 0x000000000000b002 is an unknown value
stack at sp + 5 slots: 0x0000000000000009 is an unknown value
stack at sp + 6 slots: 0x00007f32f01084a0: <offset 0x00000000014f34a0> in /home/abid/.vscode/extensions/redhat.java-1.2.0/jre/17.0.1-linux-x86_64/lib/server/libjvm.so at 0x00007f32eec15000
stack at sp + 7 slots: 0x00007f32e80a79e0 points into unknown readable memory: 0x00007f32f0108ad8 | d8 8a 10 f0 32 7f 00 00


---------------  P R O C E S S  ---------------

Threads class SMR info:
_java_thread_list=0x00007f32a00bd140, length=34, elements={
0x00007f32e8023dc0, 0x00007f32e815f1d0, 0x00007f32e8160740, 0x00007f32e8189580,
0x00007f32e818ce90, 0x00007f32e818dde0, 0x00007f32e818f430, 0x00007f32e81908e0,
0x00007f32e8191d20, 0x00007f32e820f070, 0x00007f32e8259de0, 0x00007f32e8432be0,
0x00007f32e8488560, 0x00007f32e848b3b0, 0x00007f328402fe10, 0x00007f328425ffa0,
0x00007f328454d010, 0x00007f32e84d1020, 0x00007f32e8565e30, 0x00007f3268031b80,
0x00007f3290252ca0, 0x00007f32b0093c30, 0x00007f32b0098840, 0x00007f325c1383d0,
0x00007f326404bbe0, 0x00007f32749031f0, 0x00007f3270131e10, 0x00007f3254069420,
0x00007f3290164230, 0x00007f3254017f80, 0x00007f32e81d5ed0, 0x00007f3250018010,
0x00007f3264055160, 0x00007f32b4002fa0
}

Java Threads: ( => current thread )
  0x00007f32e8023dc0 JavaThread "main" [_thread_blocked, id=5262, stack(0x00007f32ee9ba000,0x00007f32eeabb000)]
  0x00007f32e815f1d0 JavaThread "Reference Handler" daemon [_thread_blocked, id=5271, stack(0x00007f32d53f7000,0x00007f32d54f8000)]
  0x00007f32e8160740 JavaThread "Finalizer" daemon [_thread_blocked, id=5272, stack(0x00007f32d52f6000,0x00007f32d53f7000)]
  0x00007f32e8189580 JavaThread "Signal Dispatcher" daemon [_thread_blocked, id=5273, stack(0x00007f32d4c30000,0x00007f32d4d31000)]
  0x00007f32e818ce90 JavaThread "Service Thread" daemon [_thread_blocked, id=5274, stack(0x00007f32d4b2f000,0x00007f32d4c30000)]
  0x00007f32e818dde0 JavaThread "Monitor Deflation Thread" daemon [_thread_blocked, id=5275, stack(0x00007f32d4a2e000,0x00007f32d4b2f000)]
  0x00007f32e818f430 JavaThread "C2 CompilerThread0" daemon [_thread_blocked, id=5276, stack(0x00007f32d492d000,0x00007f32d4a2e000)]
  0x00007f32e81908e0 JavaThread "C1 CompilerThread0" daemon [_thread_blocked, id=5277, stack(0x00007f32d482c000,0x00007f32d492d000)]
  0x00007f32e8191d20 JavaThread "Sweeper thread" daemon [_thread_blocked, id=5278, stack(0x00007f32d472b000,0x00007f32d482c000)]
  0x00007f32e820f070 JavaThread "Common-Cleaner" daemon [_thread_blocked, id=5279, stack(0x00007f32d462a000,0x00007f32d472b000)]
  0x00007f32e8259de0 JavaThread "Notification Thread" daemon [_thread_blocked, id=5286, stack(0x00007f32d4529000,0x00007f32d462a000)]
  0x00007f32e8432be0 JavaThread "Active Thread: Equinox Container: 2b7351e8-eb88-43bb-9912-03935d162733" [_thread_blocked, id=5331, stack(0x00007f32d4012000,0x00007f32d4113000)]
  0x00007f32e8488560 JavaThread "Framework Event Dispatcher: Equinox Container: 2b7351e8-eb88-43bb-9912-03935d162733" daemon [_thread_blocked, id=5332, stack(0x00007f3297ce9000,0x00007f3297dea000)]
  0x00007f32e848b3b0 JavaThread "Start Level: Equinox Container: 2b7351e8-eb88-43bb-9912-03935d162733" daemon [_thread_blocked, id=5333, stack(0x00007f32972ff000,0x00007f3297400000)]
  0x00007f328402fe10 JavaThread "SCR Component Actor" daemon [_thread_blocked, id=5334, stack(0x00007f3296fed000,0x00007f32970ee000)]
  0x00007f328425ffa0 JavaThread "Worker-JM" [_thread_blocked, id=5346, stack(0x00007f3296ae5000,0x00007f3296be6000)]
  0x00007f328454d010 JavaThread "Java indexing" daemon [_thread_blocked, id=5355, stack(0x00007f3295eff000,0x00007f3296000000)]
  0x00007f32e84d1020 JavaThread "pool-3-thread-1" [_thread_blocked, id=5359, stack(0x00007f3296be6000,0x00007f3296ce7000)]
  0x00007f32e8565e30 JavaThread "pool-2-thread-1" [_thread_in_native, id=5360, stack(0x00007f32952ff000,0x00007f3295400000)]
  0x00007f3268031b80 JavaThread "Bundle File Closer" daemon [_thread_blocked, id=5516, stack(0x00007f3294cf9000,0x00007f3294dfa000)]
  0x00007f3290252ca0 JavaThread "Java Debug Server" daemon [_thread_in_native, id=6209, stack(0x00007f32465fe000,0x00007f32466ff000)]
  0x00007f32b0093c30 JavaThread "RxSchedulerPurge-1" daemon [_thread_blocked, id=6211, stack(0x00007f32940fd000,0x00007f32941fe000)]
  0x00007f32b0098840 JavaThread "RxCachedWorkerPoolEvictor-1" daemon [_thread_blocked, id=6212, stack(0x00007f32464fd000,0x00007f32465fe000)]
  0x00007f325c1383d0 JavaThread "ForkJoinPool.commonPool-worker-4" daemon [_thread_blocked, id=20382, stack(0x00007f32d4113000,0x00007f32d4214000)]
  0x00007f326404bbe0 JavaThread "ForkJoinPool.commonPool-worker-7" daemon [_thread_blocked, id=22235, stack(0x00007f3294efb000,0x00007f3294ffc000)]
  0x00007f32749031f0 JavaThread "ForkJoinPool.commonPool-worker-8" daemon [_thread_blocked, id=24113, stack(0x00007f32466ff000,0x00007f3246800000)]
  0x00007f3270131e10 JavaThread "Worker-45" [_thread_blocked, id=24502, stack(0x00007f32950fd000,0x00007f32951fe000)]
  0x00007f3254069420 JavaThread "Worker-46" [_thread_blocked, id=25075, stack(0x00007f3243bf8000,0x00007f3243cf9000)]
  0x00007f3290164230 JavaThread "ForkJoinPool.commonPool-worker-10" daemon [_thread_blocked, id=25128, stack(0x00007f3243efb000,0x00007f3243ffc000)]
  0x00007f3254017f80 JavaThread "Worker-49: Publish Diagnostics" [_thread_blocked, id=25752, stack(0x00007f32941fe000,0x00007f32942ff000)]
  0x00007f32e81d5ed0 JavaThread "Worker-50" [_thread_blocked, id=25859, stack(0x00007f3243cf9000,0x00007f3243dfa000)]
  0x00007f3250018010 JavaThread "Worker-51" [_thread_blocked, id=25915, stack(0x00007f32951fe000,0x00007f32952ff000)]
  0x00007f3264055160 JavaThread "pool-151-thread-1" [_thread_blocked, id=25917, stack(0x00007f3244cfd000,0x00007f3244dfe000)]
  0x00007f32b4002fa0 JavaThread "pool-6-thread-33" [_thread_blocked, id=25960, stack(0x00007f3243dfa000,0x00007f3243efb000)]

Other Threads:
  0x00007f32e814f180 VMThread "VM Thread" [stack: 0x00007f32d54fa000,0x00007f32d55fa000] [id=5266]
  0x00007f32e806e610 WatcherThread [stack: 0x00007f32d4429000,0x00007f32d4529000] [id=5287]
  0x00007f32e803b020 GCTaskThread "GC Thread#0" [stack: 0x00007f32eda77000,0x00007f32edb77000] [id=5264]
  0x00007f32c00010f0 GCTaskThread "GC Thread#1" [stack: 0x00007f3296eed000,0x00007f3296fed000] [id=5335]
=>0x00007f32c0001840 GCTaskThread "GC Thread#2" [stack: 0x00007f3296deb000,0x00007f3296eeb000] [id=5336]
  0x00007f32c0002080 GCTaskThread "GC Thread#3" [stack: 0x00007f3296ce9000,0x00007f3296de9000] [id=5337]

Threads with active compile tasks:
C2 CompilerThread0  6610140 28804       4       org.eclipse.jdt.internal.compiler.ast.ParameterizedSingleTypeReference::internalResolveLeafType (804 bytes)

VM state: at safepoint (normal execution)

VM Mutex/Monitor currently owned by a thread:  ([mutex/lock_event])
[0x00007f32e8020970] Threads_lock - owner thread: 0x00007f32e814f180
[0x00007f32e8021120] Heap_lock - owner thread: 0x00007f3254017f80

Heap address: 0x0000000700000000, size: 4096 MB, Compressed Oops mode: Zero based, Oop shift amount: 3

CDS archive(s) not mapped
Compressed class space mapped at: 0x0000000800000000-0x0000000840000000, reserved size: 1073741824
Narrow klass base: 0x0000000800000000, Narrow klass shift: 0, Narrow klass range: 0x40000000

GC Precious Log:
 CPUs: 4 total, 4 available
 Memory: 7865M
 Large Page Support: Disabled
 NUMA Support: Disabled
 Compressed Oops: Enabled (Zero based)
 Alignments: Space 512K, Generation 512K, Heap 2M
 Heap Min Capacity: 100M
 Heap Initial Capacity: 100M
 Heap Max Capacity: 4G
 Pre-touch: Disabled
 Parallel Workers: 4

Heap:
 PSYoungGen      total 7680K, used 7536K [0x00000007aab00000, 0x00000007ab400000, 0x0000000800000000)
  eden space 6144K, 100% used [0x00000007aab00000,0x00000007ab100000,0x00000007ab100000)
  from space 1536K, 90% used [0x00000007ab100000,0x00000007ab25c010,0x00000007ab280000)
  to   space 1536K, 41% used [0x00000007ab280000,0x00000007ab320000,0x00000007ab400000)
 ParOldGen       total 264192K, used 255869K [0x0000000700000000, 0x0000000710200000, 0x00000007aab00000)
  object space 264192K, 96% used [0x0000000700000000,0x000000070f9df6a0,0x0000000710200000)
 Metaspace       used 89832K, committed 90688K, reserved 1130496K
  class space    used 8877K, committed 9280K, reserved 1048576K

Card table byte_map: [0x00007f32edb77000,0x00007f32ee378000] _byte_map_base: 0x00007f32ea377000

Marking Bits: (ParMarkBitMap*) 0x00007f32f0212460
 Begin Bits: [0x00007f32c8000000, 0x00007f32cc000000)
 End Bits:   [0x00007f32cc000000, 0x00007f32d0000000)

Polling page: 0x00007f32f0696000

Metaspace:

Usage:
  Non-class:     79.06 MB used.
      Class:      8.67 MB used.
       Both:     87.73 MB used.

Virtual space:
  Non-class space:       80.00 MB reserved,      79.50 MB (>99%) committed,  10 nodes.
      Class space:        1.00 GB reserved,       9.06 MB ( <1%) committed,  1 nodes.
             Both:        1.08 GB reserved,      88.56 MB (  8%) committed. 

Chunk freelists:
   Non-Class:  257.00 KB
       Class:  2.77 MB
        Both:  3.02 MB

MaxMetaspaceSize: unlimited
CompressedClassSpaceSize: 1.00 GB
Initial GC threshold: 21.00 MB
Current GC threshold: 147.50 MB
CDS: off
MetaspaceReclaimPolicy: balanced
 - commit_granule_bytes: 65536.
 - commit_granule_words: 8192.
 - virtual_space_node_default_size: 1048576.
 - enlarge_chunks_in_place: 1.
 - new_chunks_are_fully_committed: 0.
 - uncommit_free_chunks: 1.
 - use_allocation_guard: 0.
 - handle_deallocations: 1.


Internal statistics:

num_allocs_failed_limit: 6.
num_arena_births: 634.
num_arena_deaths: 102.
num_vsnodes_births: 11.
num_vsnodes_deaths: 0.
num_space_committed: 1417.
num_space_uncommitted: 0.
num_chunks_returned_to_freelist: 125.
num_chunks_taken_from_freelist: 4156.
num_chunk_merges: 47.
num_chunk_splits: 2599.
num_chunks_enlarged: 1596.
num_purges: 2.
num_inconsistent_stats: 0.

CodeHeap 'non-profiled nmethods': size=120032Kb used=26231Kb max_used=26248Kb free=93800Kb
 bounds [0x00007f32ddecb000, 0x00007f32df8db000, 0x00007f32e5403000]
CodeHeap 'profiled nmethods': size=120028Kb used=36712Kb max_used=38781Kb free=83315Kb
 bounds [0x00007f32d6994000, 0x00007f32d8f94000, 0x00007f32ddecb000]
CodeHeap 'non-nmethods': size=5700Kb used=1429Kb max_used=1550Kb free=4270Kb
 bounds [0x00007f32d6403000, 0x00007f32d6673000, 0x00007f32d6994000]
 total_blobs=19002 nmethods=18222 adapters=690
 compilation: enabled
              stopped_count=0, restarted_count=0
 full_count=0

Compilation events (20 events):
Event: 6607.578 Thread 0x00007f32e818f430 nmethod 28794 0x00007f32de242790 code [0x00007f32de242940, 0x00007f32de242cd8]
Event: 6607.599 Thread 0x00007f32e81908e0 28795       3       org.eclipse.jdt.internal.compiler.ast.UnaryExpression::containsPatternVariable (8 bytes)
Event: 6607.599 Thread 0x00007f32e81908e0 nmethod 28795 0x00007f32d7548910 code [0x00007f32d7548ac0, 0x00007f32d7548ca0]
Event: 6607.962 Thread 0x00007f32e818f430 28796       4       org.eclipse.jdt.internal.core.CompilationUnit::ignoreOptionalProblems (8 bytes)
Event: 6607.965 Thread 0x00007f32e818f430 nmethod 28796 0x00007f32dea35b90 code [0x00007f32dea35d40, 0x00007f32dea35f28]
Event: 6608.705 Thread 0x00007f32e81908e0 28797       1       org.eclipse.jdt.internal.core.jdom.CompilationUnit::getModuleName (2 bytes)
Event: 6608.705 Thread 0x00007f32e81908e0 nmethod 28797 0x00007f32de646890 code [0x00007f32de646a20, 0x00007f32de646af0]
Event: 6608.705 Thread 0x00007f32e81908e0 28798       1       org.eclipse.jdt.internal.core.jdom.CompilationUnit::getPackageName (2 bytes)
Event: 6608.705 Thread 0x00007f32e81908e0 nmethod 28798 0x00007f32de8a9f10 code [0x00007f32de8aa0a0, 0x00007f32de8aa170]
Event: 6608.708 Thread 0x00007f32e818f430 28799       4       org.eclipse.jdt.internal.core.search.indexing.SourceIndexer::accept (12 bytes)
Event: 6608.709 Thread 0x00007f32e818f430 nmethod 28799 0x00007f32de8a9910 code [0x00007f32de8a9aa0, 0x00007f32de8a9b68]
Event: 6608.744 Thread 0x00007f32e818f430 28800       4       org.eclipse.jdt.internal.core.search.matching.JavaSearchNameEnvironment::findClass (618 bytes)
Event: 6608.964 Thread 0x00007f32e818f430 nmethod 28800 0x00007f32deec8b90 code [0x00007f32deec90c0, 0x00007f32deeceed8]
Event: 6608.981 Thread 0x00007f32e818f430 28801       4       org.eclipse.jdt.internal.compiler.lookup.BlockScope::getEmulationPath (145 bytes)
Event: 6608.998 Thread 0x00007f32e818f430 nmethod 28801 0x00007f32deb6ff10 code [0x00007f32deb70120, 0x00007f32deb70938]
Event: 6609.001 Thread 0x00007f32e818f430 28802       4       java.util.HashMap$KeySpliterator::characteristics (30 bytes)
Event: 6609.001 Thread 0x00007f32e818f430 nmethod 28802 0x00007f32ded20a90 code [0x00007f32ded20c20, 0x00007f32ded20cd8]
Event: 6609.990 Thread 0x00007f32e818f430 28803       4       org.eclipse.jdt.internal.compiler.lookup.BoundSet$ThreeSets::setInstantiation (128 bytes)
Event: 6609.991 Thread 0x00007f32e818f430 nmethod 28803 0x00007f32ded20710 code [0x00007f32ded208a0, 0x00007f32ded20978]
Event: 6610.001 Thread 0x00007f32e818f430 28804       4       org.eclipse.jdt.internal.compiler.ast.ParameterizedSingleTypeReference::internalResolveLeafType (804 bytes)

GC Heap History (20 events):
Event: 6609.011 GC heap after
{Heap after GC invocations=13434 (full 402):
 PSYoungGen      total 7168K, used 560K [0x00000007aab00000, 0x00000007ab480000, 0x0000000800000000)
  eden space 6144K, 0% used [0x00000007aab00000,0x00000007aab00000,0x00000007ab100000)
  from space 1024K, 54% used [0x00000007ab380000,0x00000007ab40c010,0x00000007ab480000)
  to   space 1024K, 0% used [0x00000007ab280000,0x00000007ab280000,0x00000007ab380000)
 ParOldGen       total 264192K, used 252385K [0x0000000700000000, 0x0000000710200000, 0x00000007aab00000)
  object space 264192K, 95% used [0x0000000700000000,0x000000070f678740,0x0000000710200000)
 Metaspace       used 89832K, committed 90688K, reserved 1130496K
  class space    used 8877K, committed 9280K, reserved 1048576K
}
Event: 6609.025 GC heap before
{Heap before GC invocations=13435 (full 402):
 PSYoungGen      total 7168K, used 6704K [0x00000007aab00000, 0x00000007ab480000, 0x0000000800000000)
  eden space 6144K, 100% used [0x00000007aab00000,0x00000007ab100000,0x00000007ab100000)
  from space 1024K, 54% used [0x00000007ab380000,0x00000007ab40c010,0x00000007ab480000)
  to   space 1024K, 0% used [0x00000007ab280000,0x00000007ab280000,0x00000007ab380000)
 ParOldGen       total 264192K, used 252385K [0x0000000700000000, 0x0000000710200000, 0x00000007aab00000)
  object space 264192K, 95% used [0x0000000700000000,0x000000070f678740,0x0000000710200000)
 Metaspace       used 89832K, committed 90688K, reserved 1130496K
  class space    used 8877K, committed 9280K, reserved 1048576K
}
Event: 6609.028 GC heap after
{Heap after GC invocations=13435 (full 402):
 PSYoungGen      total 7168K, used 688K [0x00000007aab00000, 0x00000007ab400000, 0x0000000800000000)
  eden space 6144K, 0% used [0x00000007aab00000,0x00000007aab00000,0x00000007ab100000)
  from space 1024K, 67% used [0x00000007ab280000,0x00000007ab32c010,0x00000007ab380000)
  to   space 512K, 0% used [0x00000007ab380000,0x00000007ab380000,0x00000007ab400000)
 ParOldGen       total 264192K, used 252393K [0x0000000700000000, 0x0000000710200000, 0x00000007aab00000)
  object space 264192K, 95% used [0x0000000700000000,0x000000070f67a740,0x0000000710200000)
 Metaspace       used 89832K, committed 90688K, reserved 1130496K
  class space    used 8877K, committed 9280K, reserved 1048576K
}
Event: 6609.040 GC heap before
{Heap before GC invocations=13436 (full 402):
 PSYoungGen      total 7168K, used 6832K [0x00000007aab00000, 0x00000007ab400000, 0x0000000800000000)
  eden space 6144K, 100% used [0x00000007aab00000,0x00000007ab100000,0x00000007ab100000)
  from space 1024K, 67% used [0x00000007ab280000,0x00000007ab32c010,0x00000007ab380000)
  to   space 512K, 0% used [0x00000007ab380000,0x00000007ab380000,0x00000007ab400000)
 ParOldGen       total 264192K, used 252393K [0x0000000700000000, 0x0000000710200000, 0x00000007aab00000)
  object space 264192K, 95% used [0x0000000700000000,0x000000070f67a740,0x0000000710200000)
 Metaspace       used 89832K, committed 90688K, reserved 1130496K
  class space    used 8877K, committed 9280K, reserved 1048576K
}
Event: 6609.041 GC heap after
{Heap after GC invocations=13436 (full 402):
 PSYoungGen      total 6656K, used 496K [0x00000007aab00000, 0x00000007ab400000, 0x0000000800000000)
  eden space 6144K, 0% used [0x00000007aab00000,0x00000007aab00000,0x00000007ab100000)
  from space 512K, 96% used [0x00000007ab380000,0x00000007ab3fc010,0x00000007ab400000)
  to   space 1024K, 0% used [0x00000007ab200000,0x00000007ab200000,0x00000007ab300000)
 ParOldGen       total 264192K, used 252625K [0x0000000700000000, 0x0000000710200000, 0x00000007aab00000)
  object space 264192K, 95% used [0x0000000700000000,0x000000070f6b4740,0x0000000710200000)
 Metaspace       used 89832K, committed 90688K, reserved 1130496K
  class space    used 8877K, committed 9280K, reserved 1048576K
}
Event: 6609.232 GC heap before
{Heap before GC invocations=13437 (full 402):
 PSYoungGen      total 6656K, used 6640K [0x00000007aab00000, 0x00000007ab400000, 0x0000000800000000)
  eden space 6144K, 100% used [0x00000007aab00000,0x00000007ab100000,0x00000007ab100000)
  from space 512K, 96% used [0x00000007ab380000,0x00000007ab3fc010,0x00000007ab400000)
  to   space 1024K, 0% used [0x00000007ab200000,0x00000007ab200000,0x00000007ab300000)
 ParOldGen       total 264192K, used 252625K [0x0000000700000000, 0x0000000710200000, 0x00000007aab00000)
  object space 264192K, 95% used [0x0000000700000000,0x000000070f6b4740,0x0000000710200000)
 Metaspace       used 89832K, committed 90688K, reserved 1130496K
  class space    used 8877K, committed 9280K, reserved 1048576K
}
Event: 6609.235 GC heap after
{Heap after GC invocations=13437 (full 402):
 PSYoungGen      total 7168K, used 448K [0x00000007aab00000, 0x00000007ab400000, 0x0000000800000000)
  eden space 6144K, 0% used [0x00000007aab00000,0x00000007aab00000,0x00000007ab100000)
  from space 1024K, 43% used [0x00000007ab200000,0x00000007ab270000,0x00000007ab300000)
  to   space 1024K, 0% used [0x00000007ab300000,0x00000007ab300000,0x00000007ab400000)
 ParOldGen       total 264192K, used 253120K [0x0000000700000000, 0x0000000710200000, 0x00000007aab00000)
  object space 264192K, 95% used [0x0000000700000000,0x000000070f7303a8,0x0000000710200000)
 Metaspace       used 89832K, committed 90688K, reserved 1130496K
  class space    used 8877K, committed 9280K, reserved 1048576K
}
Event: 6609.743 GC heap before
{Heap before GC invocations=13438 (full 402):
 PSYoungGen      total 7168K, used 6592K [0x00000007aab00000, 0x00000007ab400000, 0x0000000800000000)
  eden space 6144K, 100% used [0x00000007aab00000,0x00000007ab100000,0x00000007ab100000)
  from space 1024K, 43% used [0x00000007ab200000,0x00000007ab270000,0x00000007ab300000)
  to   space 1024K, 0% used [0x00000007ab300000,0x00000007ab300000,0x00000007ab400000)
 ParOldGen       total 264192K, used 253120K [0x0000000700000000, 0x0000000710200000, 0x00000007aab00000)
  object space 264192K, 95% used [0x0000000700000000,0x000000070f7303a8,0x0000000710200000)
 Metaspace       used 89832K, committed 90688K, reserved 1130496K
  class space    used 8877K, committed 9280K, reserved 1048576K
}
Event: 6609.747 GC heap after
{Heap after GC invocations=13438 (full 402):
 PSYoungGen      total 6656K, used 352K [0x00000007aab00000, 0x00000007ab380000, 0x0000000800000000)
  eden space 6144K, 0% used [0x00000007aab00000,0x00000007aab00000,0x00000007ab100000)
  from space 512K, 68% used [0x00000007ab300000,0x00000007ab358000,0x00000007ab380000)
  to   space 512K, 0% used [0x00000007ab280000,0x00000007ab280000,0x00000007ab300000)
 ParOldGen       total 264192K, used 253552K [0x0000000700000000, 0x0000000710200000, 0x00000007aab00000)
  object space 264192K, 95% used [0x0000000700000000,0x000000070f79c3a8,0x0000000710200000)
 Metaspace       used 89832K, committed 90688K, reserved 1130496K
  class space    used 8877K, committed 9280K, reserved 1048576K
}
Event: 6609.951 GC heap before
{Heap before GC invocations=13439 (full 402):
 PSYoungGen      total 6656K, used 6496K [0x00000007aab00000, 0x00000007ab380000, 0x0000000800000000)
  eden space 6144K, 100% used [0x00000007aab00000,0x00000007ab100000,0x00000007ab100000)
  from space 512K, 68% used [0x00000007ab300000,0x00000007ab358000,0x00000007ab380000)
  to   space 512K, 0% used [0x00000007ab280000,0x00000007ab280000,0x00000007ab300000)
 ParOldGen       total 264192K, used 253552K [0x0000000700000000, 0x0000000710200000, 0x00000007aab00000)
  object space 264192K, 95% used [0x0000000700000000,0x000000070f79c3a8,0x0000000710200000)
 Metaspace       used 89832K, committed 90688K, reserved 1130496K
  class space    used 8877K, committed 9280K, reserved 1048576K
}
Event: 6609.954 GC heap after
{Heap after GC invocations=13439 (full 402):
 PSYoungGen      total 6656K, used 144K [0x00000007aab00000, 0x00000007ab380000, 0x0000000800000000)
  eden space 6144K, 0% used [0x00000007aab00000,0x00000007aab00000,0x00000007ab100000)
  from space 512K, 28% used [0x00000007ab280000,0x00000007ab2a4010,0x00000007ab300000)
  to   space 512K, 0% used [0x00000007ab300000,0x00000007ab300000,0x00000007ab380000)
 ParOldGen       total 264192K, used 253592K [0x0000000700000000, 0x0000000710200000, 0x00000007aab00000)
  object space 264192K, 95% used [0x0000000700000000,0x000000070f7a63a8,0x0000000710200000)
 Metaspace       used 89832K, committed 90688K, reserved 1130496K
  class space    used 8877K, committed 9280K, reserved 1048576K
}
Event: 6609.985 GC heap before
{Heap before GC invocations=13440 (full 402):
 PSYoungGen      total 6656K, used 6288K [0x00000007aab00000, 0x00000007ab380000, 0x0000000800000000)
  eden space 6144K, 100% used [0x00000007aab00000,0x00000007ab100000,0x00000007ab100000)
  from space 512K, 28% used [0x00000007ab280000,0x00000007ab2a4010,0x00000007ab300000)
  to   space 512K, 0% used [0x00000007ab300000,0x00000007ab300000,0x00000007ab380000)
 ParOldGen       total 264192K, used 253592K [0x0000000700000000, 0x0000000710200000, 0x00000007aab00000)
  object space 264192K, 95% used [0x0000000700000000,0x000000070f7a63a8,0x0000000710200000)
 Metaspace       used 89832K, committed 90688K, reserved 1130496K
  class space    used 8877K, committed 9280K, reserved 1048576K
}
Event: 6609.986 GC heap after
{Heap after GC invocations=13440 (full 402):
 PSYoungGen      total 6656K, used 400K [0x00000007aab00000, 0x00000007ab380000, 0x0000000800000000)
  eden space 6144K, 0% used [0x00000007aab00000,0x00000007aab00000,0x00000007ab100000)
  from space 512K, 78% used [0x00000007ab300000,0x00000007ab364010,0x00000007ab380000)
  to   space 512K, 0% used [0x00000007ab280000,0x00000007ab280000,0x00000007ab300000)
 ParOldGen       total 264192K, used 253632K [0x0000000700000000, 0x0000000710200000, 0x00000007aab00000)
  object space 264192K, 96% used [0x0000000700000000,0x000000070f7b03a8,0x0000000710200000)
 Metaspace       used 89832K, committed 90688K, reserved 1130496K
  class space    used 8877K, committed 9280K, reserved 1048576K
}
Event: 6610.000 GC heap before
{Heap before GC invocations=13441 (full 402):
 PSYoungGen      total 6656K, used 6544K [0x00000007aab00000, 0x00000007ab380000, 0x0000000800000000)
  eden space 6144K, 100% used [0x00000007aab00000,0x00000007ab100000,0x00000007ab100000)
  from space 512K, 78% used [0x00000007ab300000,0x00000007ab364010,0x00000007ab380000)
  to   space 512K, 0% used [0x00000007ab280000,0x00000007ab280000,0x00000007ab300000)
 ParOldGen       total 264192K, used 253632K [0x0000000700000000, 0x0000000710200000, 0x00000007aab00000)
  object space 264192K, 96% used [0x0000000700000000,0x000000070f7b03a8,0x0000000710200000)
 Metaspace       used 89832K, committed 90688K, reserved 1130496K
  class space    used 8877K, committed 9280K, reserved 1048576K
}
Event: 6610.001 GC heap after
{Heap after GC invocations=13441 (full 402):
 PSYoungGen      total 6656K, used 512K [0x00000007aab00000, 0x00000007ab380000, 0x0000000800000000)
  eden space 6144K, 0% used [0x00000007aab00000,0x00000007aab00000,0x00000007ab100000)
  from space 512K, 100% used [0x00000007ab280000,0x00000007ab300000,0x00000007ab300000)
  to   space 512K, 0% used [0x00000007ab300000,0x00000007ab300000,0x00000007ab380000)
 ParOldGen       total 264192K, used 253912K [0x0000000700000000, 0x0000000710200000, 0x00000007aab00000)
  object space 264192K, 96% used [0x0000000700000000,0x000000070f7f63a8,0x0000000710200000)
 Metaspace       used 89832K, committed 90688K, reserved 1130496K
  class space    used 8877K, committed 9280K, reserved 1048576K
}
Event: 6610.017 GC heap before
{Heap before GC invocations=13442 (full 402):
 PSYoungGen      total 6656K, used 6656K [0x00000007aab00000, 0x00000007ab380000, 0x0000000800000000)
  eden space 6144K, 100% used [0x00000007aab00000,0x00000007ab100000,0x00000007ab100000)
  from space 512K, 100% used [0x00000007ab280000,0x00000007ab300000,0x00000007ab300000)
  to   space 512K, 0% used [0x00000007ab300000,0x00000007ab300000,0x00000007ab380000)
 ParOldGen       total 264192K, used 253912K [0x0000000700000000, 0x0000000710200000, 0x00000007aab00000)
  object space 264192K, 96% used [0x0000000700000000,0x000000070f7f63a8,0x0000000710200000)
 Metaspace       used 89832K, committed 90688K, reserved 1130496K
  class space    used 8877K, committed 9280K, reserved 1048576K
}
Event: 6610.019 GC heap after
{Heap after GC invocations=13442 (full 402):
 PSYoungGen      total 6656K, used 496K [0x00000007aab00000, 0x00000007ab400000, 0x0000000800000000)
  eden space 6144K, 0% used [0x00000007aab00000,0x00000007aab00000,0x00000007ab100000)
  from space 512K, 96% used [0x00000007ab300000,0x00000007ab37c010,0x00000007ab380000)
  to   space 1536K, 0% used [0x00000007ab100000,0x00000007ab100000,0x00000007ab280000)
 ParOldGen       total 264192K, used 254424K [0x0000000700000000, 0x0000000710200000, 0x00000007aab00000)
  object space 264192K, 96% used [0x0000000700000000,0x000000070f876320,0x0000000710200000)
 Metaspace       used 89832K, committed 90688K, reserved 1130496K
  class space    used 8877K, committed 9280K, reserved 1048576K
}
Event: 6610.036 GC heap before
{Heap before GC invocations=13443 (full 402):
 PSYoungGen      total 6656K, used 6640K [0x00000007aab00000, 0x00000007ab400000, 0x0000000800000000)
  eden space 6144K, 100% used [0x00000007aab00000,0x00000007ab100000,0x00000007ab100000)
  from space 512K, 96% used [0x00000007ab300000,0x00000007ab37c010,0x00000007ab380000)
  to   space 1536K, 0% used [0x00000007ab100000,0x00000007ab100000,0x00000007ab280000)
 ParOldGen       total 264192K, used 254424K [0x0000000700000000, 0x0000000710200000, 0x00000007aab00000)
  object space 264192K, 96% used [0x0000000700000000,0x000000070f876320,0x0000000710200000)
 Metaspace       used 89832K, committed 90688K, reserved 1130496K
  class space    used 8877K, committed 9280K, reserved 1048576K
}
Event: 6610.037 GC heap after
{Heap after GC invocations=13443 (full 402):
 PSYoungGen      total 7680K, used 1392K [0x00000007aab00000, 0x00000007ab400000, 0x0000000800000000)
  eden space 6144K, 0% used [0x00000007aab00000,0x00000007aab00000,0x00000007ab100000)
  from space 1536K, 90% used [0x00000007ab100000,0x00000007ab25c010,0x00000007ab280000)
  to   space 1536K, 0% used [0x00000007ab280000,0x00000007ab280000,0x00000007ab400000)
 ParOldGen       total 264192K, used 254895K [0x0000000700000000, 0x0000000710200000, 0x00000007aab00000)
  object space 264192K, 96% used [0x0000000700000000,0x000000070f8ebf10,0x0000000710200000)
 Metaspace       used 89832K, committed 90688K, reserved 1130496K
  class space    used 8877K, committed 9280K, reserved 1048576K
}
Event: 6610.054 GC heap before
{Heap before GC invocations=13444 (full 402):
 PSYoungGen      total 7680K, used 7536K [0x00000007aab00000, 0x00000007ab400000, 0x0000000800000000)
  eden space 6144K, 100% used [0x00000007aab00000,0x00000007ab100000,0x00000007ab100000)
  from space 1536K, 90% used [0x00000007ab100000,0x00000007ab25c010,0x00000007ab280000)
  to   space 1536K, 0% used [0x00000007ab280000,0x00000007ab280000,0x00000007ab400000)
 ParOldGen       total 264192K, used 254895K [0x0000000700000000, 0x0000000710200000, 0x00000007aab00000)
  object space 264192K, 96% used [0x0000000700000000,0x000000070f8ebf10,0x0000000710200000)
 Metaspace       used 89832K, committed 90688K, reserved 1130496K
  class space    used 8877K, committed 9280K, reserved 1048576K
}

Deoptimization events (20 events):
Event: 6451.728 Thread 0x00007f32e81d8210 Uncommon trap: trap_request=0xffffff45 fr.pc=0x00007f32de8aa014 relative=0x00000000000000f4
Event: 6451.728 Thread 0x00007f32e81d8210 Uncommon trap: reason=unstable_if action=reinterpret pc=0x00007f32de8aa014 method=org.eclipse.core.internal.jobs.JobQueue.canOvertake(Lorg/eclipse/core/internal/jobs/InternalJob;Lorg/eclipse/core/internal/jobs/InternalJob;)Z @ 37 c2
Event: 6451.728 Thread 0x00007f32e81d8210 DEOPT PACKING pc=0x00007f32de8aa014 sp=0x00007f32441fc150
Event: 6451.729 Thread 0x00007f32e81d8210 DEOPT UNPACKING pc=0x00007f32d6454d93 sp=0x00007f32441fc108 mode 2
Event: 6451.739 Thread 0x00007f32e8565e30 Uncommon trap: trap_request=0xffffffbe fr.pc=0x00007f32deecb1f4 relative=0x0000000000006934
Event: 6451.739 Thread 0x00007f32e8565e30 Uncommon trap: reason=profile_predicate action=maybe_recompile pc=0x00007f32deecb1f4 method=org.eclipse.core.internal.jobs.DeadlockDetector.lockReleased(Ljava/lang/Thread;Lorg/eclipse/core/runtime/jobs/ISchedulingRule;)V @ 292 c2
Event: 6451.739 Thread 0x00007f32e8565e30 DEOPT PACKING pc=0x00007f32deecb1f4 sp=0x00007f32953fe150
Event: 6451.739 Thread 0x00007f32e8565e30 DEOPT UNPACKING pc=0x00007f32d6454d93 sp=0x00007f32953fde58 mode 2
Event: 6533.801 Thread 0x00007f32e8565e30 Uncommon trap: trap_request=0xffffff45 fr.pc=0x00007f32debd8d94 relative=0x0000000000002294
Event: 6533.801 Thread 0x00007f32e8565e30 Uncommon trap: reason=unstable_if action=reinterpret pc=0x00007f32debd8d94 method=org.eclipse.jdt.internal.compiler.util.CharDeduplication.optimizedCurrentTokenSource3([CI)[C @ 80 c2
Event: 6533.801 Thread 0x00007f32e8565e30 DEOPT PACKING pc=0x00007f32debd8d94 sp=0x00007f32953fd610
Event: 6533.801 Thread 0x00007f32e8565e30 DEOPT UNPACKING pc=0x00007f32d6454d93 sp=0x00007f32953fd520 mode 2
Event: 6546.127 Thread 0x00007f3270131e10 Uncommon trap: trap_request=0xffffffc6 fr.pc=0x00007f32df317334 relative=0x0000000000000274
Event: 6546.127 Thread 0x00007f3270131e10 Uncommon trap: reason=bimorphic_or_optimized_type_check action=maybe_recompile pc=0x00007f32df317334 method=org.eclipse.jdt.internal.compiler.ast.AllocationExpression.traverse(Lorg/eclipse/jdt/internal/compiler/ASTVisitor;Lorg/eclipse/jdt/internal/compile
Event: 6546.127 Thread 0x00007f3270131e10 DEOPT PACKING pc=0x00007f32df317334 sp=0x00007f32951fbda0
Event: 6546.127 Thread 0x00007f3270131e10 DEOPT UNPACKING pc=0x00007f32d6454d93 sp=0x00007f32951fbd48 mode 2
Event: 6560.964 Thread 0x00007f3290164230 DEOPT PACKING pc=0x00007f32d8298a5f sp=0x00007f3243ff9c80
Event: 6560.964 Thread 0x00007f3290164230 DEOPT UNPACKING pc=0x00007f32d6455510 sp=0x00007f3243ff91c0 mode 0
Event: 6562.803 Thread 0x00007f3270131e10 DEOPT PACKING pc=0x00007f32d86405bf sp=0x00007f32951fbf90
Event: 6562.803 Thread 0x00007f3270131e10 DEOPT UNPACKING pc=0x00007f32d6455510 sp=0x00007f32951fb450 mode 0

Classes unloaded (20 events):
Event: 4796.285 Thread 0x00007f32e814f180 Unloading class 0x00000008002c4c00 'java/lang/invoke/LambdaForm$MH+0x00000008002c4c00'
Event: 4796.285 Thread 0x00007f32e814f180 Unloading class 0x00000008002c4800 'java/lang/invoke/LambdaForm$MH+0x00000008002c4800'
Event: 4796.285 Thread 0x00007f32e814f180 Unloading class 0x00000008002c4400 'java/lang/invoke/LambdaForm$MH+0x00000008002c4400'
Event: 4796.285 Thread 0x00007f32e814f180 Unloading class 0x00000008002c4000 'java/lang/invoke/LambdaForm$MH+0x00000008002c4000'
Event: 4796.285 Thread 0x00007f32e814f180 Unloading class 0x00000008002b8c00 'java/lang/invoke/LambdaForm$MH+0x00000008002b8c00'
Event: 4796.285 Thread 0x00007f32e814f180 Unloading class 0x00000008002b8800 'java/lang/invoke/LambdaForm$MH+0x00000008002b8800'
Event: 4796.285 Thread 0x00007f32e814f180 Unloading class 0x00000008001a4800 'java/lang/invoke/LambdaForm$MH+0x00000008001a4800'
Event: 4796.285 Thread 0x00007f32e814f180 Unloading class 0x00000008001a4000 'java/lang/invoke/LambdaForm$MH+0x00000008001a4000'
Event: 4796.285 Thread 0x00007f32e814f180 Unloading class 0x00000008001a3c00 'java/lang/invoke/LambdaForm$MH+0x00000008001a3c00'
Event: 4796.285 Thread 0x00007f32e814f180 Unloading class 0x00000008001a3800 'java/lang/invoke/LambdaForm$MH+0x00000008001a3800'
Event: 4796.285 Thread 0x00007f32e814f180 Unloading class 0x00000008001a3000 'java/lang/invoke/LambdaForm$MH+0x00000008001a3000'
Event: 4796.285 Thread 0x00007f32e814f180 Unloading class 0x00000008001a2c00 'java/lang/invoke/LambdaForm$MH+0x00000008001a2c00'
Event: 4796.285 Thread 0x00007f32e814f180 Unloading class 0x00000008001a2800 'java/lang/invoke/LambdaForm$MH+0x00000008001a2800'
Event: 4796.285 Thread 0x00007f32e814f180 Unloading class 0x00000008001a2000 'java/lang/invoke/LambdaForm$MH+0x00000008001a2000'
Event: 4796.285 Thread 0x00007f32e814f180 Unloading class 0x000000080012d400 'jdk/internal/reflect/GeneratedMethodAccessor5'
Event: 4796.285 Thread 0x00007f32e814f180 Unloading class 0x000000080012d000 'jdk/internal/reflect/GeneratedMethodAccessor4'
Event: 4796.285 Thread 0x00007f32e814f180 Unloading class 0x000000080012cc00 'jdk/internal/reflect/GeneratedMethodAccessor3'
Event: 4796.285 Thread 0x00007f32e814f180 Unloading class 0x000000080012c800 'jdk/internal/reflect/GeneratedMethodAccessor2'
Event: 4796.285 Thread 0x00007f32e814f180 Unloading class 0x000000080012c400 'jdk/internal/reflect/GeneratedMethodAccessor1'
Event: 4796.285 Thread 0x00007f32e814f180 Unloading class 0x0000000800101400 'java/lang/invoke/LambdaForm$DMH+0x0000000800101400'

Classes redefined (0 events):
No events

Internal exceptions (20 events):
Event: 5689.792 Thread 0x00007f325c0896f0 Implicit null exception at 0x00007f32deac7471 to 0x00007f32deac86e8
Event: 5737.186 Thread 0x00007f328802ba80 Exception <a 'java/lang/InterruptedException'{0x00000007aadee930}> (0x00000007aadee930) 
thrown [src/hotspot/share/runtime/objectMonitor.cpp, line 1661]
Event: 5788.729 Thread 0x00007f32bc700a60 Exception <a 'java/lang/InterruptedException'{0x00000007ab13e928}> (0x00000007ab13e928) 
thrown [src/hotspot/share/runtime/objectMonitor.cpp, line 1661]
Event: 5918.536 Thread 0x00007f325800ade0 Exception <a 'java/lang/InterruptedException'{0x00000007aad08ab8}> (0x00000007aad08ab8) 
thrown [src/hotspot/share/runtime/objectMonitor.cpp, line 1661]
Event: 6061.965 Thread 0x00007f32980032a0 Exception <a 'java/lang/InterruptedException'{0x00000007aab5d048}> (0x00000007aab5d048) 
thrown [src/hotspot/share/runtime/objectMonitor.cpp, line 1661]
Event: 6333.733 Thread 0x00007f32749031f0 Implicit null exception at 0x00007f32df714cab to 0x00007f32df7154b8
Event: 6334.246 Thread 0x00007f32749031f0 Implicit null exception at 0x00007f32df42332d to 0x00007f32df42781c
Event: 6334.246 Thread 0x00007f32749031f0 Implicit null exception at 0x00007f32de86aa20 to 0x00007f32de86aa50
Event: 6334.247 Thread 0x00007f32749031f0 Implicit null exception at 0x00007f32de3cc000 to 0x00007f32de3cc394
Event: 6334.253 Thread 0x00007f32749031f0 Implicit null exception at 0x00007f32df5e3d40 to 0x00007f32df5e47e4
Event: 6334.274 Thread 0x00007f32749031f0 Implicit null exception at 0x00007f32debcd5a1 to 0x00007f32debcdad0
Event: 6334.283 Thread 0x00007f32749031f0 Implicit null exception at 0x00007f32df3cf3e0 to 0x00007f32df3cf47c
Event: 6334.284 Thread 0x00007f32749031f0 Implicit null exception at 0x00007f32de9ac04b to 0x00007f32de9ac14c
Event: 6334.284 Thread 0x00007f32749031f0 Implicit null exception at 0x00007f32df5d98c0 to 0x00007f32df5de2c0
Event: 6334.284 Thread 0x00007f32749031f0 Implicit null exception at 0x00007f32de8ea90e to 0x00007f32de8eae4c
Event: 6334.378 Thread 0x00007f32749031f0 Exception <a 'java/lang/ArrayIndexOutOfBoundsException'{0x00000007aaf70108}: Index 2 out of bounds for length 2> (0x00000007aaf70108) 
thrown [src/hotspot/share/interpreter/interpreterRuntime.cpp, line 428]
Event: 6334.379 Thread 0x00007f32749031f0 Exception <a 'java/lang/ArrayIndexOutOfBoundsException'{0x00000007aaf879b0}: Index 2 out of bounds for length 2> (0x00000007aaf879b0) 
thrown [src/hotspot/share/interpreter/interpreterRuntime.cpp, line 428]
Event: 6369.994 Thread 0x00007f3264055160 Exception <a 'java/lang/InterruptedException'{0x00000007aadfc820}> (0x00000007aadfc820) 
thrown [src/hotspot/share/runtime/objectMonitor.cpp, line 1661]
Event: 6508.675 Thread 0x00007f329016ac60 Exception <a 'java/lang/InterruptedException'{0x00000007aae67030}> (0x00000007aae67030) 
thrown [src/hotspot/share/runtime/objectMonitor.cpp, line 1661]
Event: 6597.083 Thread 0x00007f327c01f2a0 Exception <a 'java/lang/InterruptedException'{0x00000007ab1f2978}> (0x00000007ab1f2978) 
thrown [src/hotspot/share/runtime/objectMonitor.cpp, line 1661]

VM Operations (20 events):
Event: 6609.011 Executing VM operation: ParallelGCFailedAllocation done
Event: 6609.025 Executing VM operation: ParallelGCFailedAllocation
Event: 6609.028 Executing VM operation: ParallelGCFailedAllocation done
Event: 6609.040 Executing VM operation: ParallelGCFailedAllocation
Event: 6609.041 Executing VM operation: ParallelGCFailedAllocation done
Event: 6609.232 Executing VM operation: ParallelGCFailedAllocation
Event: 6609.235 Executing VM operation: ParallelGCFailedAllocation done
Event: 6609.742 Executing VM operation: ParallelGCFailedAllocation
Event: 6609.747 Executing VM operation: ParallelGCFailedAllocation done
Event: 6609.951 Executing VM operation: ParallelGCFailedAllocation
Event: 6609.954 Executing VM operation: ParallelGCFailedAllocation done
Event: 6609.985 Executing VM operation: ParallelGCFailedAllocation
Event: 6609.986 Executing VM operation: ParallelGCFailedAllocation done
Event: 6610.000 Executing VM operation: ParallelGCFailedAllocation
Event: 6610.001 Executing VM operation: ParallelGCFailedAllocation done
Event: 6610.017 Executing VM operation: ParallelGCFailedAllocation
Event: 6610.019 Executing VM operation: ParallelGCFailedAllocation done
Event: 6610.036 Executing VM operation: ParallelGCFailedAllocation
Event: 6610.038 Executing VM operation: ParallelGCFailedAllocation done
Event: 6610.054 Executing VM operation: ParallelGCFailedAllocation

Events (20 events):
Event: 6605.635 Thread 0x00007f32e8191d20 flushing nmethod 0x00007f32d8be7910
Event: 6605.635 Thread 0x00007f32e8191d20 flushing nmethod 0x00007f32d8c6a190
Event: 6605.635 Thread 0x00007f32e8191d20 flushing nmethod 0x00007f32d8c9c710
Event: 6605.635 Thread 0x00007f32e8191d20 flushing nmethod 0x00007f32d8caa790
Event: 6605.635 Thread 0x00007f32e8191d20 flushing nmethod 0x00007f32d8d3c710
Event: 6605.636 Thread 0x00007f32e8191d20 flushing nmethod 0x00007f32d8e6eb90
Event: 6605.636 Thread 0x00007f32e8191d20 flushing nmethod 0x00007f32d8e7fb90
Event: 6605.636 Thread 0x00007f32e8191d20 flushing nmethod 0x00007f32d8edd090
Event: 6605.636 Thread 0x00007f32e8191d20 flushing nmethod 0x00007f32d8f1df90
Event: 6606.038 Thread 0x00007f32545aaba0 Thread added: 0x00007f32545aaba0
Event: 6606.038 Protecting memory [0x00007f3294dfa000,0x00007f3294dfe000] with protection modes 0
Event: 6606.301 Thread 0x00007f32545aaba0 Thread exited: 0x00007f32545aaba0
Event: 6607.987 Thread 0x00007f32901687e0 Thread exited: 0x00007f32901687e0
Event: 6608.372 Thread 0x00007f3258003b30 Thread added: 0x00007f3258003b30
Event: 6608.372 Protecting memory [0x00007f32458fc000,0x00007f3245900000] with protection modes 0
Event: 6608.396 Thread 0x00007f3258003b30 Thread exited: 0x00007f3258003b30
Event: 6608.616 Thread 0x00007f325406e740 Thread exited: 0x00007f325406e740
Event: 6609.407 Thread 0x00007f325800b530 Thread added: 0x00007f325800b530
Event: 6609.407 Protecting memory [0x00007f32442ff000,0x00007f3244303000] with protection modes 0
Event: 6609.428 Thread 0x00007f325800b530 Thread exited: 0x00007f325800b530


Dynamic libraries:
700000000-710200000 rw-p 00000000 00:00 0 
710200000-7aab00000 ---p 00000000 00:00 0 
7aab00000-7ab400000 rw-p 00000000 00:00 0 
7ab400000-800000000 ---p 00000000 00:00 0 
800000000-800020000 rw-p 00000000 00:00 0 
800020000-800040000 rw-p 00000000 00:00 0 
800040000-800100000 rw-p 00000000 00:00 0 
800100000-800180000 rw-p 00000000 00:00 0 
800180000-800240000 rw-p 00000000 00:00 0 
800240000-800280000 rw-p 00000000 00:00 0 
800280000-800440000 rw-p 00000000 00:00 0 
800440000-800480000 rw-p 00000000 00:00 0 
800480000-800740000 rw-p 00000000 00:00 0 
800740000-800760000 rw-p 00000000 00:00 0 
800760000-800780000 rw-p 00000000 00:00 0 
800780000-8008c0000 rw-p 00000000 00:00 0 
8008c0000-8008d0000 rw-p 00000000 00:00 0 
8008d0000-800900000 ---p 00000000 00:00 0 
800900000-800940000 rw-p 00000000 00:00 0 
800940000-840000000 ---p 00000000 00:00 0 
556379600000-556379601000 r-xp 00000000 08:12 4719158                    /home/abid/.vscode/extensions/redhat.java-1.2.0/jre/17.0.1-linux-x86_64/bin/java
556379801000-556379802000 r--p 00001000 08:12 4719158                    /home/abid/.vscode/extensions/redhat.java-1.2.0/jre/17.0.1-linux-x86_64/bin/java
556379802000-556379803000 rw-p 00002000 08:12 4719158                    /home/abid/.vscode/extensions/redhat.java-1.2.0/jre/17.0.1-linux-x86_64/bin/java
55637a14e000-55637a32b000 rw-p 00000000 00:00 0                          [heap]
7f3243af7000-7f3243afb000 ---p 00000000 00:00 0 
7f3243afb000-7f3243bf8000 rw-p 00000000 00:00 0 
7f3243bf8000-7f3243bfc000 ---p 00000000 00:00 0 
7f3243bfc000-7f3243cf9000 rw-p 00000000 00:00 0 
7f3243cf9000-7f3243cfd000 ---p 00000000 00:00 0 
7f3243cfd000-7f3243dfa000 rw-p 00000000 00:00 0 
7f3243dfa000-7f3243dfe000 ---p 00000000 00:00 0 
7f3243dfe000-7f3243efb000 rw-p 00000000 00:00 0 
7f3243efb000-7f3243eff000 ---p 00000000 00:00 0 
7f3243eff000-7f3243ffc000 rw-p 00000000 00:00 0 
7f3243ffc000-7f3244000000 ---p 00000000 00:00 0 
7f3244000000-7f32440fd000 rw-p 00000000 00:00 0 
7f32440fd000-7f3244101000 ---p 00000000 00:00 0 
7f3244101000-7f32441fe000 rw-p 00000000 00:00 0 
7f32441fe000-7f3244202000 ---p 00000000 00:00 0 
7f3244202000-7f32442ff000 rw-p 00000000 00:00 0 
7f32442ff000-7f3244303000 ---p 00000000 00:00 0 
7f3244303000-7f32447c0000 rw-p 00000000 00:00 0 
7f32447c0000-7f3244800000 rw-p 00000000 00:00 0 
7f3244800000-7f3244980000 rw-p 00000000 00:00 0 
7f3244980000-7f32449c0000 rw-p 00000000 00:00 0 
7f32449c0000-7f3244a00000 ---p 00000000 00:00 0 
7f3244a00000-7f3244bc0000 rw-p 00000000 00:00 0 
7f3244bc0000-7f3244c00000 ---p 00000000 00:00 0 
7f3244cfd000-7f3244d01000 ---p 00000000 00:00 0 
7f3244d01000-7f3244dfe000 rw-p 00000000 00:00 0 
7f3244dfe000-7f3244e02000 ---p 00000000 00:00 0 
7f3244e02000-7f3244eff000 rw-p 00000000 00:00 0 
7f3244eff000-7f3244f03000 ---p 00000000 00:00 0 
7f3244f03000-7f3245100000 rw-p 00000000 00:00 0 
7f3245100000-7f3245200000 rw-p 00000000 00:00 0 
7f3245200000-7f3245780000 rw-p 00000000 00:00 0 
7f3245780000-7f3245800000 rw-p 00000000 00:00 0 
7f32458fc000-7f3245900000 ---p 00000000 00:00 0 
7f3245900000-7f32459fd000 rw-p 00000000 00:00 0 
7f32459fd000-7f32459ff000 r-xp 00000000 08:12 4723724                    /home/abid/.vscode/extensions/redhat.java-1.2.0/jre/17.0.1-linux-x86_64/lib/libextnet.so
7f32459ff000-7f3245bfe000 ---p 00002000 08:12 4723724                    /home/abid/.vscode/extensions/redhat.java-1.2.0/jre/17.0.1-linux-x86_64/lib/libextnet.so
7f3245bfe000-7f3245bff000 r--p 00001000 08:12 4723724                    /home/abid/.vscode/extensions/redhat.java-1.2.0/jre/17.0.1-linux-x86_64/lib/libextnet.so
7f3245bff000-7f3245c00000 rw-p 00002000 08:12 4723724                    /home/abid/.vscode/extensions/redhat.java-1.2.0/jre/17.0.1-linux-x86_64/lib/libextnet.so
7f3245c00000-7f3245d00000 rw-p 00000000 00:00 0 
7f3245d00000-7f3245f00000 rw-p 00000000 00:00 0 
7f3245f00000-7f3246000000 rw-p 00000000 00:00 0 
7f3246000000-7f3246180000 rw-p 00000000 00:00 0 
7f3246180000-7f3246200000 rw-p 00000000 00:00 0 
7f3246200000-7f3246400000 rw-p 00000000 00:00 0 
7f32464fd000-7f3246501000 ---p 00000000 00:00 0 
7f3246501000-7f32465fe000 rw-p 00000000 00:00 0 
7f32465fe000-7f3246602000 ---p 00000000 00:00 0 
7f3246602000-7f32466ff000 rw-p 00000000 00:00 0 
7f32466ff000-7f3246703000 ---p 00000000 00:00 0 
7f3246703000-7f3246d00000 rw-p 00000000 00:00 0 
7f3246d00000-7f3246e00000 rw-p 00000000 00:00 0 
7f3246e00000-7f3246fc0000 rw-p 00000000 00:00 0 
7f3246fc0000-7f3247000000 rw-p 00000000 00:00 0 
7f3247000000-7f3247780000 rw-p 00000000 00:00 0 
7f3247780000-7f3247800000 rw-p 00000000 00:00 0 
7f3247853000-7f3250000000 r--s 00000000 08:12 6700198                    /usr/lib/jvm/java-11-openjdk-amd64/lib/modules
7f3250000000-7f325054e000 rw-p 00000000 00:00 0 
7f325054e000-7f3254000000 ---p 00000000 00:00 0 
7f3254000000-7f32552a4000 rw-p 00000000 00:00 0 
7f32552a4000-7f3258000000 ---p 00000000 00:00 0 
7f3258000000-7f32580de000 rw-p 00000000 00:00 0 
7f32580de000-7f325c000000 ---p 00000000 00:00 0 
7f325c000000-7f325d728000 rw-p 00000000 00:00 0 
7f325d728000-7f3260000000 ---p 00000000 00:00 0 
7f3260000000-7f3261b8f000 rw-p 00000000 00:00 0 
7f3261b8f000-7f3264000000 ---p 00000000 00:00 0 
7f3264000000-7f3264820000 rw-p 00000000 00:00 0 
7f3264820000-7f3268000000 ---p 00000000 00:00 0 
7f3268000000-7f3268105000 rw-p 00000000 00:00 0 
7f3268105000-7f326c000000 ---p 00000000 00:00 0 
7f326c000000-7f326c7d1000 rw-p 00000000 00:00 0 
7f326c7d1000-7f3270000000 ---p 00000000 00:00 0 
7f3270000000-7f32701b9000 rw-p 00000000 00:00 0 
7f32701b9000-7f3274000000 ---p 00000000 00:00 0 
7f3274000000-7f3276466000 rw-p 00000000 00:00 0 
7f3276466000-7f3278000000 ---p 00000000 00:00 0 
7f3278000000-7f3278fd2000 rw-p 00000000 00:00 0 
7f3278fd2000-7f327c000000 ---p 00000000 00:00 0 
7f327c000000-7f327c413000 rw-p 00000000 00:00 0 
7f327c413000-7f3280000000 ---p 00000000 00:00 0 
7f3280000000-7f3280e5d000 rw-p 00000000 00:00 0 
7f3280e5d000-7f3284000000 ---p 00000000 00:00 0 
7f3284000000-7f3284904000 rw-p 00000000 00:00 0 
7f3284904000-7f3288000000 ---p 00000000 00:00 0 
7f3288000000-7f3288fd8000 rw-p 00000000 00:00 0 
7f3288fd8000-7f328c000000 ---p 00000000 00:00 0 
7f328c000000-7f328c02b000 rw-p 00000000 00:00 0 
7f328c02b000-7f3290000000 ---p 00000000 00:00 0 
7f3290000000-7f32902a0000 rw-p 00000000 00:00 0 
7f32902a0000-7f3294000000 ---p 00000000 00:00 0 
7f32940fd000-7f3294101000 ---p 00000000 00:00 0 
7f3294101000-7f32941fe000 rw-p 00000000 00:00 0 
7f32941fe000-7f3294202000 ---p 00000000 00:00 0 
7f3294202000-7f32942ff000 rw-p 00000000 00:00 0 
7f32942ff000-7f3294303000 ---p 00000000 00:00 0 
7f3294303000-7f3294980000 rw-p 00000000 00:00 0 
7f3294980000-7f3294a00000 rw-p 00000000 00:00 0 
7f3294a00000-7f3294c00000 rw-p 00000000 00:00 0 
7f3294cf9000-7f3294cfd000 ---p 00000000 00:00 0 
7f3294cfd000-7f3294dfa000 rw-p 00000000 00:00 0 
7f3294dfa000-7f3294dfe000 ---p 00000000 00:00 0 
7f3294dfe000-7f3294efb000 rw-p 00000000 00:00 0 
7f3294efb000-7f3294eff000 ---p 00000000 00:00 0 
7f3294eff000-7f3294ffc000 rw-p 00000000 00:00 0 
7f3294ffc000-7f3295000000 ---p 00000000 00:00 0 
7f3295000000-7f32950fd000 rw-p 00000000 00:00 0 
7f32950fd000-7f3295101000 ---p 00000000 00:00 0 
7f3295101000-7f32951fe000 rw-p 00000000 00:00 0 
7f32951fe000-7f3295202000 ---p 00000000 00:00 0 
7f3295202000-7f32952ff000 rw-p 00000000 00:00 0 
7f32952ff000-7f3295303000 ---p 00000000 00:00 0 
7f3295303000-7f3295500000 rw-p 00000000 00:00 0 
7f3295500000-7f3295900000 rw-p 00000000 00:00 0 
7f3295900000-7f3295a00000 rw-p 00000000 00:00 0 
7f3295a00000-7f3295c00000 rw-p 00000000 00:00 0 
7f3295cf0000-7f3295cfd000 r-xp 00000000 08:12 4723751                    /home/abid/.vscode/extensions/redhat.java-1.2.0/jre/17.0.1-linux-x86_64/lib/libverify.so
7f3295cfd000-7f3295efc000 ---p 0000d000 08:12 4723751                    /home/abid/.vscode/extensions/redhat.java-1.2.0/jre/17.0.1-linux-x86_64/lib/libverify.so
7f3295efc000-7f3295efe000 r--p 0000c000 08:12 4723751                    /home/abid/.vscode/extensions/redhat.java-1.2.0/jre/17.0.1-linux-x86_64/lib/libverify.so
7f3295efe000-7f3295eff000 rw-p 0000e000 08:12 4723751                    /home/abid/.vscode/extensions/redhat.java-1.2.0/jre/17.0.1-linux-x86_64/lib/libverify.so
7f3295eff000-7f3295f03000 ---p 00000000 00:00 0 
7f3295f03000-7f3296100000 rw-p 00000000 00:00 0 
7f3296100000-7f3296200000 rw-p 00000000 00:00 0 
7f3296200000-7f3296800000 rw-p 00000000 00:00 0 
7f32968e3000-7f32968e7000 ---p 00000000 00:00 0 
7f32968e7000-7f32969e4000 rw-p 00000000 00:00 0 
7f32969e4000-7f32969e8000 ---p 00000000 00:00 0 
7f32969e8000-7f3296ae5000 rw-p 00000000 00:00 0 
7f3296ae5000-7f3296ae9000 ---p 00000000 00:00 0 
7f3296ae9000-7f3296be6000 rw-p 00000000 00:00 0 
7f3296be6000-7f3296bea000 ---p 00000000 00:00 0 
7f3296bea000-7f3296ce7000 rw-p 00000000 00:00 0 
7f3296ce7000-7f3296ce8000 ---p 00000000 00:00 0 
7f3296ce8000-7f3296de9000 rw-p 00000000 00:00 0 
7f3296de9000-7f3296dea000 ---p 00000000 00:00 0 
7f3296dea000-7f3296eeb000 rw-p 00000000 00:00 0 
7f3296eeb000-7f3296eec000 ---p 00000000 00:00 0 
7f3296eec000-7f3296fed000 rw-p 00000000 00:00 0 
7f3296fed000-7f3296ff1000 ---p 00000000 00:00 0 
7f3296ff1000-7f32970ee000 rw-p 00000000 00:00 0 
7f32970ee000-7f32970fe000 r-xp 00000000 08:12 5637308                    /home/abid/.config/Code/User/globalStorage/redhat.java/1.2.0/config_linux/org.eclipse.equinox.launcher/org.eclipse.equinox.launcher.gtk.linux.x86_64_1.2.400.v20211117-0650/eclipse_11600.so
7f32970fe000-7f32972fd000 ---p 00010000 08:12 5637308                    /home/abid/.config/Code/User/globalStorage/redhat.java/1.2.0/config_linux/org.eclipse.equinox.launcher/org.eclipse.equinox.launcher.gtk.linux.x86_64_1.2.400.v20211117-0650/eclipse_11600.so
7f32972fd000-7f32972fe000 r--p 0000f000 08:12 5637308                    /home/abid/.config/Code/User/globalStorage/redhat.java/1.2.0/config_linux/org.eclipse.equinox.launcher/org.eclipse.equinox.launcher.gtk.linux.x86_64_1.2.400.v20211117-0650/eclipse_11600.so
7f32972fe000-7f32972ff000 rw-p 00010000 08:12 5637308                    /home/abid/.config/Code/User/globalStorage/redhat.java/1.2.0/config_linux/org.eclipse.equinox.launcher/org.eclipse.equinox.launcher.gtk.linux.x86_64_1.2.400.v20211117-0650/eclipse_11600.so
7f32972ff000-7f3297303000 ---p 00000000 00:00 0 
7f3297303000-7f3297500000 rw-p 00000000 00:00 0 
7f3297500000-7f3297700000 rw-p 00000000 00:00 0 
7f3297700000-7f3297800000 rw-p 00000000 00:00 0 
7f3297800000-7f3297900000 rw-p 00000000 00:00 0 
7f3297900000-7f3297a00000 rw-p 00000000 00:00 0 
7f3297a00000-7f3297c00000 rw-p 00000000 00:00 0 
7f3297ce9000-7f3297ced000 ---p 00000000 00:00 0 
7f3297ced000-7f3297dea000 rw-p 00000000 00:00 0 
7f3297dea000-7f3297dff000 r-xp 00000000 08:12 4723744                    /home/abid/.vscode/extensions/redhat.java-1.2.0/jre/17.0.1-linux-x86_64/lib/libnet.so
7f3297dff000-7f3297ffe000 ---p 00015000 08:12 4723744                    /home/abid/.vscode/extensions/redhat.java-1.2.0/jre/17.0.1-linux-x86_64/lib/libnet.so
7f3297ffe000-7f3297fff000 r--p 00014000 08:12 4723744                    /home/abid/.vscode/extensions/redhat.java-1.2.0/jre/17.0.1-linux-x86_64/lib/libnet.so
7f3297fff000-7f3298000000 rw-p 00015000 08:12 4723744                    /home/abid/.vscode/extensions/redhat.java-1.2.0/jre/17.0.1-linux-x86_64/lib/libnet.so
7f3298000000-7f329806b000 rw-p 00000000 00:00 0 
7f329806b000-7f329c000000 ---p 00000000 00:00 0 
7f329c000000-7f329c027000 rw-p 00000000 00:00 0 
7f329c027000-7f32a0000000 ---p 00000000 00:00 0 
7f32a0000000-7f32a057e000 rw-p 00000000 00:00 0 
7f32a057e000-7f32a4000000 ---p 00000000 00:00 0 
7f32a4000000-7f32a445d000 rw-p 00000000 00:00 0 
7f32a445d000-7f32a8000000 ---p 00000000 00:00 0 
7f32a8000000-7f32abffd000 rw-p 00000000 00:00 0 
7f32abffd000-7f32ac000000 ---p 00000000 00:00 0 
7f32ac000000-7f32ad1e0000 rw-p 00000000 00:00 0 
7f32ad1e0000-7f32b0000000 ---p 00000000 00:00 0 
7f32b0000000-7f32b0120000 rw-p 00000000 00:00 0 
7f32b0120000-7f32b4000000 ---p 00000000 00:00 0 
7f32b4000000-7f32b4021000 rw-p 00000000 00:00 0 
7f32b4021000-7f32b8000000 ---p 00000000 00:00 0 
7f32b8000000-7f32b8021000 rw-p 00000000 00:00 0 
7f32b8021000-7f32bc000000 ---p 00000000 00:00 0 
7f32bc000000-7f32bdd04000 rw-p 00000000 00:00 0 
7f32bdd04000-7f32c0000000 ---p 00000000 00:00 0 
7f32c0000000-7f32c0648000 rw-p 00000000 00:00 0 
7f32c0648000-7f32c4000000 ---p 00000000 00:00 0 
7f32c4000000-7f32c41c8000 rw-p 00000000 00:00 0 
7f32c41c8000-7f32c8000000 ---p 00000000 00:00 0 
7f32c8000000-7f32d0000000 rw-p 00000000 00:00 0 
7f32d0000000-7f32d032e000 rw-p 00000000 00:00 0 
7f32d032e000-7f32d4000000 ---p 00000000 00:00 0 
7f32d4012000-7f32d4016000 ---p 00000000 00:00 0 
7f32d4016000-7f32d4113000 rw-p 00000000 00:00 0 
7f32d4113000-7f32d4117000 ---p 00000000 00:00 0 
7f32d4117000-7f32d4214000 rw-p 00000000 00:00 0 
7f32d4214000-7f32d4226000 r-xp 00000000 08:12 4723745                    /home/abid/.vscode/extensions/redhat.java-1.2.0/jre/17.0.1-linux-x86_64/lib/libnio.so
7f32d4226000-7f32d4425000 ---p 00012000 08:12 4723745                    /home/abid/.vscode/extensions/redhat.java-1.2.0/jre/17.0.1-linux-x86_64/lib/libnio.so
7f32d4425000-7f32d4426000 r--p 00011000 08:12 4723745                    /home/abid/.vscode/extensions/redhat.java-1.2.0/jre/17.0.1-linux-x86_64/lib/libnio.so
7f32d4426000-7f32d4427000 rw-p 00012000 08:12 4723745                    /home/abid/.vscode/extensions/redhat.java-1.2.0/jre/17.0.1-linux-x86_64/lib/libnio.so
7f32d4427000-7f32d4428000 ---p 00000000 00:00 0 
7f32d4428000-7f32d4529000 rw-p 00000000 00:00 0 
7f32d4529000-7f32d452d000 ---p 00000000 00:00 0 
7f32d452d000-7f32d462a000 rw-p 00000000 00:00 0 
7f32d462a000-7f32d462e000 ---p 00000000 00:00 0 
7f32d462e000-7f32d472b000 rw-p 00000000 00:00 0 
7f32d472b000-7f32d472f000 ---p 00000000 00:00 0 
7f32d472f000-7f32d482c000 rw-p 00000000 00:00 0 
7f32d482c000-7f32d4830000 ---p 00000000 00:00 0 
7f32d4830000-7f32d492d000 rw-p 00000000 00:00 0 
7f32d492d000-7f32d4931000 ---p 00000000 00:00 0 
7f32d4931000-7f32d4a2e000 rw-p 00000000 00:00 0 
7f32d4a2e000-7f32d4a32000 ---p 00000000 00:00 0 
7f32d4a32000-7f32d4b2f000 rw-p 00000000 00:00 0 
7f32d4b2f000-7f32d4b33000 ---p 00000000 00:00 0 
7f32d4b33000-7f32d4c30000 rw-p 00000000 00:00 0 
7f32d4c30000-7f32d4c34000 ---p 00000000 00:00 0 
7f32d4c34000-7f32d4d31000 rw-p 00000000 00:00 0 
7f32d4d31000-7f32d52f6000 r--p 00000000 08:12 6558879                    /usr/lib/locale/locale-archive
7f32d52f6000-7f32d52fa000 ---p 00000000 00:00 0 
7f32d52fa000-7f32d53f7000 rw-p 00000000 00:00 0 
7f32d53f7000-7f32d53fb000 ---p 00000000 00:00 0 
7f32d53fb000-7f32d54f8000 rw-p 00000000 00:00 0 
7f32d54f8000-7f32d54f9000 ---p 00000000 00:00 0 
7f32d54f9000-7f32d6000000 rw-p 00000000 00:00 0 
7f32d6000000-7f32d6020000 rw-p 00000000 00:00 0 
7f32d6020000-7f32d6040000 rw-p 00000000 00:00 0 
7f32d6040000-7f32d6080000 rw-p 00000000 00:00 0 
7f32d6080000-7f32d6100000 rw-p 00000000 00:00 0 
7f32d6100000-7f32d6300000 rw-p 00000000 00:00 0 
7f32d6300000-7f32d6340000 rw-p 00000000 00:00 0 
7f32d6340000-7f32d6380000 rw-p 00000000 00:00 0 
7f32d6380000-7f32d6400000 rw-p 00000000 00:00 0 
7f32d6403000-7f32d6673000 rwxp 00000000 00:00 0 
7f32d6673000-7f32d6994000 ---p 00000000 00:00 0 
7f32d6994000-7f32d8f94000 rwxp 00000000 00:00 0 
7f32d8f94000-7f32ddecb000 ---p 00000000 00:00 0 
7f32ddecb000-7f32df8db000 rwxp 00000000 00:00 0 
7f32df8db000-7f32e5403000 ---p 00000000 00:00 0 
7f32e5403000-7f32e8000000 r--s 00000000 08:12 4723753                    /home/abid/.vscode/extensions/redhat.java-1.2.0/jre/17.0.1-linux-x86_64/lib/modules
7f32e8000000-7f32e8ade000 rw-p 00000000 00:00 0 
7f32e8ade000-7f32ec000000 ---p 00000000 00:00 0 
7f32ec045000-7f32ec047000 r--p 00000000 08:12 6555792                    /usr/lib/x86_64-linux-gnu/libnss_dns-2.31.so
7f32ec047000-7f32ec04b000 r-xp 00002000 08:12 6555792                    /usr/lib/x86_64-linux-gnu/libnss_dns-2.31.so
7f32ec04b000-7f32ec04c000 r--p 00006000 08:12 6555792                    /usr/lib/x86_64-linux-gnu/libnss_dns-2.31.so
7f32ec04c000-7f32ec04d000 r--p 00006000 08:12 6555792                    /usr/lib/x86_64-linux-gnu/libnss_dns-2.31.so
7f32ec04d000-7f32ec04e000 rw-p 00007000 08:12 6555792                    /usr/lib/x86_64-linux-gnu/libnss_dns-2.31.so
7f32ec04e000-7f32ec052000 r--p 00000000 08:12 6555803                    /usr/lib/x86_64-linux-gnu/libresolv-2.31.so
7f32ec052000-7f32ec062000 r-xp 00004000 08:12 6555803                    /usr/lib/x86_64-linux-gnu/libresolv-2.31.so
7f32ec062000-7f32ec065000 r--p 00014000 08:12 6555803                    /usr/lib/x86_64-linux-gnu/libresolv-2.31.so
7f32ec065000-7f32ec066000 ---p 00017000 08:12 6555803                    /usr/lib/x86_64-linux-gnu/libresolv-2.31.so
7f32ec066000-7f32ec067000 r--p 00017000 08:12 6555803                    /usr/lib/x86_64-linux-gnu/libresolv-2.31.so
7f32ec067000-7f32ec068000 rw-p 00018000 08:12 6555803                    /usr/lib/x86_64-linux-gnu/libresolv-2.31.so
7f32ec068000-7f32ec06a000 rw-p 00000000 00:00 0 
7f32ec07e000-7f32ec082000 ---p 00000000 00:00 0 
7f32ec082000-7f32ec9a9000 rw-p 00000000 00:00 0 
7f32ec9a9000-7f32ec9b0000 r-xp 00000000 08:12 4723752                    /home/abid/.vscode/extensions/redhat.java-1.2.0/jre/17.0.1-linux-x86_64/lib/libzip.so
7f32ec9b0000-7f32ecbb0000 ---p 00007000 08:12 4723752                    /home/abid/.vscode/extensions/redhat.java-1.2.0/jre/17.0.1-linux-x86_64/lib/libzip.so
7f32ecbb0000-7f32ecbb1000 r--p 00007000 08:12 4723752                    /home/abid/.vscode/extensions/redhat.java-1.2.0/jre/17.0.1-linux-x86_64/lib/libzip.so
7f32ecbb1000-7f32ecbb2000 rw-p 00008000 08:12 4723752                    /home/abid/.vscode/extensions/redhat.java-1.2.0/jre/17.0.1-linux-x86_64/lib/libzip.so
7f32ecbb2000-7f32ed5a0000 rw-p 00000000 00:00 0 
7f32ed5a0000-7f32eda75000 ---p 00000000 00:00 0 
7f32eda75000-7f32eda76000 ---p 00000000 00:00 0 
7f32eda76000-7f32edbf8000 rw-p 00000000 00:00 0 
7f32edbf8000-7f32ee0cc000 ---p 00000000 00:00 0 
7f32ee0cc000-7f32ee0d1000 rw-p 00000000 00:00 0 
7f32ee0d1000-7f32ee377000 ---p 00000000 00:00 0 
7f32ee377000-7f32ee3ad000 rw-p 00000000 00:00 0 
7f32ee3ad000-7f32ee463000 ---p 00000000 00:00 0 
7f32ee463000-7f32ee4af000 rw-p 00000000 00:00 0 
7f32ee4af000-7f32ee54e000 ---p 00000000 00:00 0 
7f32ee54e000-7f32ee572000 r-xp 00000000 08:12 4723731                    /home/abid/.vscode/extensions/redhat.java-1.2.0/jre/17.0.1-linux-x86_64/lib/libjava.so
7f32ee572000-7f32ee772000 ---p 00024000 08:12 4723731                    /home/abid/.vscode/extensions/redhat.java-1.2.0/jre/17.0.1-linux-x86_64/lib/libjava.so
7f32ee772000-7f32ee773000 r--p 00024000 08:12 4723731                    /home/abid/.vscode/extensions/redhat.java-1.2.0/jre/17.0.1-linux-x86_64/lib/libjava.so
7f32ee773000-7f32ee774000 rw-p 00025000 08:12 4723731                    /home/abid/.vscode/extensions/redhat.java-1.2.0/jre/17.0.1-linux-x86_64/lib/libjava.so
7f32ee774000-7f32ee775000 rw-p 00000000 00:00 0 
7f32ee775000-7f32ee778000 r--p 00000000 08:12 6555793                    /usr/lib/x86_64-linux-gnu/libnss_files-2.31.so
7f32ee778000-7f32ee77f000 r-xp 00003000 08:12 6555793                    /usr/lib/x86_64-linux-gnu/libnss_files-2.31.so
7f32ee77f000-7f32ee781000 r--p 0000a000 08:12 6555793                    /usr/lib/x86_64-linux-gnu/libnss_files-2.31.so
7f32ee781000-7f32ee782000 r--p 0000b000 08:12 6555793                    /usr/lib/x86_64-linux-gnu/libnss_files-2.31.so
7f32ee782000-7f32ee783000 rw-p 0000c000 08:12 6555793                    /usr/lib/x86_64-linux-gnu/libnss_files-2.31.so
7f32ee783000-7f32ee789000 rw-p 00000000 00:00 0 
7f32ee78a000-7f32ee791000 r--s 00000000 08:12 7088195                    /usr/lib/x86_64-linux-gnu/gconv/gconv-modules.cache
7f32ee791000-7f32ee796000 rw-p 00000000 00:00 0 
7f32ee796000-7f32ee79d000 ---p 00000000 00:00 0 
7f32ee79d000-7f32ee7b8000 r-xp 00000000 08:12 4723735                    /home/abid/.vscode/extensions/redhat.java-1.2.0/jre/17.0.1-linux-x86_64/lib/libjimage.so
7f32ee7b8000-7f32ee9b7000 ---p 0001b000 08:12 4723735                    /home/abid/.vscode/extensions/redhat.java-1.2.0/jre/17.0.1-linux-x86_64/lib/libjimage.so
7f32ee9b7000-7f32ee9b9000 r--p 0001a000 08:12 4723735                    /home/abid/.vscode/extensions/redhat.java-1.2.0/jre/17.0.1-linux-x86_64/lib/libjimage.so
7f32ee9b9000-7f32ee9ba000 rw-p 0001c000 08:12 4723735                    /home/abid/.vscode/extensions/redhat.java-1.2.0/jre/17.0.1-linux-x86_64/lib/libjimage.so
7f32ee9ba000-7f32ee9be000 ---p 00000000 00:00 0 
7f32ee9be000-7f32eeabb000 rw-p 00000000 00:00 0 
7f32eeabb000-7f32eeaca000 r--p 00000000 08:12 6555787                    /usr/lib/x86_64-linux-gnu/libm-2.31.so
7f32eeaca000-7f32eeb71000 r-xp 0000f000 08:12 6555787                    /usr/lib/x86_64-linux-gnu/libm-2.31.so
7f32eeb71000-7f32eec08000 r--p 000b6000 08:12 6555787                    /usr/lib/x86_64-linux-gnu/libm-2.31.so
7f32eec08000-7f32eec09000 r--p 0014c000 08:12 6555787                    /usr/lib/x86_64-linux-gnu/libm-2.31.so
7f32eec09000-7f32eec0a000 rw-p 0014d000 08:12 6555787                    /usr/lib/x86_64-linux-gnu/libm-2.31.so
7f32eec0a000-7f32eec0d000 r--p 00000000 08:12 6555804                    /usr/lib/x86_64-linux-gnu/librt-2.31.so
7f32eec0d000-7f32eec11000 r-xp 00003000 08:12 6555804                    /usr/lib/x86_64-linux-gnu/librt-2.31.so
7f32eec11000-7f32eec12000 r--p 00007000 08:12 6555804                    /usr/lib/x86_64-linux-gnu/librt-2.31.so
7f32eec12000-7f32eec13000 ---p 00008000 08:12 6555804                    /usr/lib/x86_64-linux-gnu/librt-2.31.so
7f32eec13000-7f32eec14000 r--p 00008000 08:12 6555804                    /usr/lib/x86_64-linux-gnu/librt-2.31.so
7f32eec14000-7f32eec15000 rw-p 00009000 08:12 6555804                    /usr/lib/x86_64-linux-gnu/librt-2.31.so
7f32eec15000-7f32efef4000 r-xp 00000000 08:12 4723763                    /home/abid/.vscode/extensions/redhat.java-1.2.0/jre/17.0.1-linux-x86_64/lib/server/libjvm.so
7f32efef4000-7f32f00f3000 ---p 012df000 08:12 4723763                    /home/abid/.vscode/extensions/redhat.java-1.2.0/jre/17.0.1-linux-x86_64/lib/server/libjvm.so
7f32f00f3000-7f32f01ac000 r--p 012de000 08:12 4723763                    /home/abid/.vscode/extensions/redhat.java-1.2.0/jre/17.0.1-linux-x86_64/lib/server/libjvm.so
7f32f01ac000-7f32f01e0000 rw-p 01397000 08:12 4723763                    /home/abid/.vscode/extensions/redhat.java-1.2.0/jre/17.0.1-linux-x86_64/lib/server/libjvm.so
7f32f01e0000-7f32f023c000 rw-p 00000000 00:00 0 
7f32f023c000-7f32f0261000 r--p 00000000 08:12 6555785                    /usr/lib/x86_64-linux-gnu/libc-2.31.so
7f32f0261000-7f32f03d9000 r-xp 00025000 08:12 6555785                    /usr/lib/x86_64-linux-gnu/libc-2.31.so
7f32f03d9000-7f32f0423000 r--p 0019d000 08:12 6555785                    /usr/lib/x86_64-linux-gnu/libc-2.31.so
7f32f0423000-7f32f0424000 ---p 001e7000 08:12 6555785                    /usr/lib/x86_64-linux-gnu/libc-2.31.so
7f32f0424000-7f32f0427000 r--p 001e7000 08:12 6555785                    /usr/lib/x86_64-linux-gnu/libc-2.31.so
7f32f0427000-7f32f042a000 rw-p 001ea000 08:12 6555785                    /usr/lib/x86_64-linux-gnu/libc-2.31.so
7f32f042a000-7f32f042e000 rw-p 00000000 00:00 0 
7f32f042e000-7f32f042f000 r--p 00000000 08:12 6555786                    /usr/lib/x86_64-linux-gnu/libdl-2.31.so
7f32f042f000-7f32f0431000 r-xp 00001000 08:12 6555786                    /usr/lib/x86_64-linux-gnu/libdl-2.31.so
7f32f0431000-7f32f0432000 r--p 00003000 08:12 6555786                    /usr/lib/x86_64-linux-gnu/libdl-2.31.so
7f32f0432000-7f32f0433000 r--p 00003000 08:12 6555786                    /usr/lib/x86_64-linux-gnu/libdl-2.31.so
7f32f0433000-7f32f0434000 rw-p 00004000 08:12 6555786                    /usr/lib/x86_64-linux-gnu/libdl-2.31.so
7f32f0434000-7f32f043b000 r--p 00000000 08:12 6555802                    /usr/lib/x86_64-linux-gnu/libpthread-2.31.so
7f32f043b000-7f32f044c000 r-xp 00007000 08:12 6555802                    /usr/lib/x86_64-linux-gnu/libpthread-2.31.so
7f32f044c000-7f32f0451000 r--p 00018000 08:12 6555802                    /usr/lib/x86_64-linux-gnu/libpthread-2.31.so
7f32f0451000-7f32f0452000 r--p 0001c000 08:12 6555802                    /usr/lib/x86_64-linux-gnu/libpthread-2.31.so
7f32f0452000-7f32f0453000 rw-p 0001d000 08:12 6555802                    /usr/lib/x86_64-linux-gnu/libpthread-2.31.so
7f32f0453000-7f32f0457000 rw-p 00000000 00:00 0 
7f32f0457000-7f32f0466000 r-xp 00000000 08:12 4723736                    /home/abid/.vscode/extensions/redhat.java-1.2.0/jre/17.0.1-linux-x86_64/lib/libjli.so
7f32f0466000-7f32f0666000 ---p 0000f000 08:12 4723736                    /home/abid/.vscode/extensions/redhat.java-1.2.0/jre/17.0.1-linux-x86_64/lib/libjli.so
7f32f0666000-7f32f0667000 r--p 0000f000 08:12 4723736                    /home/abid/.vscode/extensions/redhat.java-1.2.0/jre/17.0.1-linux-x86_64/lib/libjli.so
7f32f0667000-7f32f0668000 rw-p 00010000 08:12 4723736                    /home/abid/.vscode/extensions/redhat.java-1.2.0/jre/17.0.1-linux-x86_64/lib/libjli.so
7f32f0668000-7f32f066a000 r--p 00000000 08:12 6553794                    /usr/lib/x86_64-linux-gnu/libz.so.1.2.11
7f32f066a000-7f32f067b000 r-xp 00002000 08:12 6553794                    /usr/lib/x86_64-linux-gnu/libz.so.1.2.11
7f32f067b000-7f32f0681000 r--p 00013000 08:12 6553794                    /usr/lib/x86_64-linux-gnu/libz.so.1.2.11
7f32f0681000-7f32f0682000 ---p 00019000 08:12 6553794                    /usr/lib/x86_64-linux-gnu/libz.so.1.2.11
7f32f0682000-7f32f0683000 r--p 00019000 08:12 6553794                    /usr/lib/x86_64-linux-gnu/libz.so.1.2.11
7f32f0683000-7f32f0684000 rw-p 0001a000 08:12 6553794                    /usr/lib/x86_64-linux-gnu/libz.so.1.2.11
7f32f0688000-7f32f0689000 r--p 00000000 08:12 6561758                    /usr/lib/x86_64-linux-gnu/libnss_mdns4_minimal.so.2
7f32f0689000-7f32f068b000 r-xp 00001000 08:12 6561758                    /usr/lib/x86_64-linux-gnu/libnss_mdns4_minimal.so.2
7f32f068b000-7f32f068c000 r--p 00003000 08:12 6561758                    /usr/lib/x86_64-linux-gnu/libnss_mdns4_minimal.so.2
7f32f068c000-7f32f068d000 r--p 00003000 08:12 6561758                    /usr/lib/x86_64-linux-gnu/libnss_mdns4_minimal.so.2
7f32f068d000-7f32f068e000 rw-p 00004000 08:12 6561758                    /usr/lib/x86_64-linux-gnu/libnss_mdns4_minimal.so.2
7f32f068e000-7f32f0696000 rw-s 00000000 08:12 4850444                    /tmp/hsperfdata_abid/5260
7f32f0696000-7f32f0697000 ---p 00000000 00:00 0 
7f32f0697000-7f32f0698000 r--p 00000000 00:00 0 
7f32f0698000-7f32f069a000 rw-p 00000000 00:00 0 
7f32f069a000-7f32f069b000 r--p 00000000 08:12 6555781                    /usr/lib/x86_64-linux-gnu/ld-2.31.so
7f32f069b000-7f32f06be000 r-xp 00001000 08:12 6555781                    /usr/lib/x86_64-linux-gnu/ld-2.31.so
7f32f06be000-7f32f06c6000 r--p 00024000 08:12 6555781                    /usr/lib/x86_64-linux-gnu/ld-2.31.so
7f32f06c6000-7f32f06c7000 ---p 00000000 00:00 0 
7f32f06c7000-7f32f06c8000 r--p 0002c000 08:12 6555781                    /usr/lib/x86_64-linux-gnu/ld-2.31.so
7f32f06c8000-7f32f06c9000 rw-p 0002d000 08:12 6555781                    /usr/lib/x86_64-linux-gnu/ld-2.31.so
7f32f06c9000-7f32f06ca000 rw-p 00000000 00:00 0 
7fff17c0c000-7fff17c2e000 rw-p 00000000 00:00 0                          [stack]
7fff17dcb000-7fff17dcf000 r--p 00000000 00:00 0                          [vvar]
7fff17dcf000-7fff17dd1000 r-xp 00000000 00:00 0                          [vdso]
ffffffffff600000-ffffffffff601000 --xp 00000000 00:00 0                  [vsyscall]


VM Arguments:
jvm_args: --add-modules=ALL-SYSTEM --add-opens=java.base/java.util=ALL-UNNAMED --add-opens=java.base/java.lang=ALL-UNNAMED -Declipse.application=org.eclipse.jdt.ls.core.id1 -Dosgi.bundles.defaultStartLevel=4 -Declipse.product=org.eclipse.jdt.ls.core.product -Djava.import.generatesMetadataFilesAtProjectRoot=false -Dfile.encoding=utf8 -XX:+UseParallelGC -XX:GCTimeRatio=4 -XX:AdaptiveSizePolicyWeight=90 -Dsun.zip.disableMemoryMapping=true -Xmx4G -Xms100m -XX:+HeapDumpOnOutOfMemoryError -XX:HeapDumpPath=/home/abid/.config/Code/User/workspaceStorage/f19c83b4bab359a166dc99e5e6521e75/redhat.java 
java_command: /home/abid/.vscode/extensions/redhat.java-1.2.0/server/plugins/org.eclipse.equinox.launcher_1.6.400.v20210924-0641.jar -configuration /home/abid/.config/Code/User/globalStorage/redhat.java/1.2.0/config_linux -data /home/abid/.config/Code/User/workspaceStorage/f19c83b4bab359a166dc99e5e6521e75/redhat.java/jdt_ws
java_class_path (initial): /home/abid/.vscode/extensions/redhat.java-1.2.0/server/plugins/org.eclipse.equinox.launcher_1.6.400.v20210924-0641.jar
Launcher Type: SUN_STANDARD

[Global flags]
    uintx AdaptiveSizePolicyWeight                 = 90                                        {product} {command line}
     intx CICompilerCount                          = 3                                         {product} {ergonomic}
    uintx GCTimeRatio                              = 4                                         {product} {command line}
     bool HeapDumpOnOutOfMemoryError               = true                                   {manageable} {command line}
    ccstr HeapDumpPath                             = /home/abid/.config/Code/User/workspaceStorage/f19c83b4bab359a166dc99e5e6521e75/redhat.java         {manageable} {command line}
   size_t InitialHeapSize                          = 104857600                                 {product} {command line}
   size_t MaxHeapSize                              = 4294967296                                {product} {command line}
   size_t MaxNewSize                               = 1431306240                                {product} {ergonomic}
   size_t MinHeapDeltaBytes                        = 524288                                    {product} {ergonomic}
   size_t MinHeapSize                              = 104857600                                 {product} {command line}
   size_t NewSize                                  = 34603008                                  {product} {ergonomic}
    uintx NonNMethodCodeHeapSize                   = 5832780                                {pd product} {ergonomic}
    uintx NonProfiledCodeHeapSize                  = 122912730                              {pd product} {ergonomic}
   size_t OldSize                                  = 70254592                                  {product} {ergonomic}
    uintx ProfiledCodeHeapSize                     = 122912730                              {pd product} {ergonomic}
    uintx ReservedCodeCacheSize                    = 251658240                              {pd product} {ergonomic}
     bool SegmentedCodeCache                       = true                                      {product} {ergonomic}
   size_t SoftMaxHeapSize                          = 4294967296                             {manageable} {ergonomic}
     bool UseCompressedClassPointers               = true                           {product lp64_product} {ergonomic}
     bool UseCompressedOops                        = true                           {product lp64_product} {ergonomic}
     bool UseParallelGC                            = true                                      {product} {command line}

Logging:
Log output configuration:
 #0: stdout all=warning uptime,level,tags
 #1: stderr all=off uptime,level,tags

Environment Variables:
JAVA_HOME=/usr/lib/jvm/java-11-openjdk-amd64
PATH=/home/abid/.local/bin:/home/abid/.local/bin:/usr/local/sbin:/usr/local/bin:/usr/sbin:/usr/bin:/sbin:/bin:/usr/games:/usr/local/games:/snap/bin
USERNAME=abid
SHELL=/bin/bash
DISPLAY=:0
LANG=en_US.UTF-8

Signal Handlers:
   SIGSEGV: crash_handler in libjvm.so, mask=11100100010111111101111111111110, flags=SA_RESTART|SA_SIGINFO
    SIGBUS: crash_handler in libjvm.so, mask=11100100010111111101111111111110, flags=SA_RESTART|SA_SIGINFO
    SIGFPE: crash_handler in libjvm.so, mask=11100100010111111101111111111110, flags=SA_RESTART|SA_SIGINFO
   SIGPIPE: javaSignalHandler in libjvm.so, mask=11100100010111111101111111111110, flags=SA_RESTART|SA_SIGINFO
   SIGXFSZ: javaSignalHandler in libjvm.so, mask=11100100010111111101111111111110, flags=SA_RESTART|SA_SIGINFO
    SIGILL: crash_handler in libjvm.so, mask=11100100010111111101111111111110, flags=SA_RESTART|SA_SIGINFO
   SIGUSR2: SR_handler in libjvm.so, mask=00000000000000000000000000000000, flags=SA_RESTART|SA_SIGINFO
    SIGHUP: UserHandler in libjvm.so, mask=11100100010111111101111111111110, flags=SA_RESTART|SA_SIGINFO
    SIGINT: UserHandler in libjvm.so, mask=11100100010111111101111111111110, flags=SA_RESTART|SA_SIGINFO
   SIGTERM: UserHandler in libjvm.so, mask=11100100010111111101111111111110, flags=SA_RESTART|SA_SIGINFO
   SIGQUIT: UserHandler in libjvm.so, mask=11100100010111111101111111111110, flags=SA_RESTART|SA_SIGINFO
   SIGTRAP: crash_handler in libjvm.so, mask=11100100010111111101111111111110, flags=SA_RESTART|SA_SIGINFO


---------------  S Y S T E M  ---------------

OS:
DISTRIB_ID=Ubuntu
DISTRIB_RELEASE=20.04
DISTRIB_CODENAME=focal
DISTRIB_DESCRIPTION="Ubuntu 20.04.3 LTS"
uname: Linux 5.13.0-27-generic #29~20.04.1-Ubuntu SMP Fri Jan 14 00:32:30 UTC 2022 x86_64
OS uptime: 0 days 2:11 hours
libc: glibc 2.31 NPTL 2.31 
rlimit (soft/hard): STACK 8192k/infinity , CORE 0k/infinity , NPROC 31199/31199 , NOFILE 1048576/1048576 , AS infinity/infinity , CPU infinity/infinity , DATA infinity/infinity , FSIZE infinity/infinity , MEMLOCK 65536k/65536k
load average: 0.81 0.79 0.71

/proc/meminfo:
MemTotal:        8053808 kB
MemFree:          367964 kB
MemAvailable:    3788704 kB
Buffers:          295120 kB
Cached:          3522036 kB
SwapCached:            0 kB
Active:          1213124 kB
Inactive:        5754700 kB
Active(anon):       3132 kB
Inactive(anon):  3491904 kB
Active(file):    1209992 kB
Inactive(file):  2262796 kB
Unevictable:      221072 kB
Mlocked:              32 kB
SwapTotal:       2097148 kB
SwapFree:        2097148 kB
Dirty:               512 kB
Writeback:             0 kB
AnonPages:       3371804 kB
Mapped:           929984 kB
Shmem:            349356 kB
KReclaimable:     253096 kB
Slab:             364276 kB
SReclaimable:     253096 kB
SUnreclaim:       111180 kB
KernelStack:       15760 kB
PageTables:        55768 kB
NFS_Unstable:          0 kB
Bounce:                0 kB
WritebackTmp:          0 kB
CommitLimit:     6124052 kB
Committed_AS:   12810312 kB
VmallocTotal:   34359738367 kB
VmallocUsed:       35188 kB
VmallocChunk:          0 kB
Percpu:             3600 kB
HardwareCorrupted:     0 kB
AnonHugePages:         0 kB
ShmemHugePages:        0 kB
ShmemPmdMapped:        0 kB
FileHugePages:         0 kB
FilePmdMapped:         0 kB
HugePages_Total:       0
HugePages_Free:        0
HugePages_Rsvd:        0
HugePages_Surp:        0
Hugepagesize:       2048 kB
Hugetlb:               0 kB
DirectMap4k:      294736 kB
DirectMap2M:     5908480 kB
DirectMap1G:     2097152 kB

/sys/kernel/mm/transparent_hugepage/enabled: always [madvise] never
/sys/kernel/mm/transparent_hugepage/defrag (defrag/compaction efforts parameter): always defer defer+madvise [madvise] never

Process Memory:
Virtual Size: 8066484K (peak: 8196908K)
Resident Set Size: 866212K (peak: 882824K) (anon: 755196K, file: 111016K, shmem: 0K)
Swapped out: 0K
C-Heap outstanding allocations: 58553K

/proc/sys/kernel/threads-max (system-wide limit on the number of threads): 62398
/proc/sys/vm/max_map_count (maximum number of memory map areas a process may have): 65530
/proc/sys/kernel/pid_max (system-wide limit on number of process identifiers): 4194304

container (cgroup) information:
container_type: cgroupv1
cpu_cpuset_cpus: 0-3
cpu_memory_nodes: 0
active_processor_count: 4
cpu_quota: no quota
cpu_period: 100000
cpu_shares: no shares
memory_limit_in_bytes: unlimited
memory_and_swap_limit_in_bytes: unlimited
memory_soft_limit_in_bytes: unlimited
memory_usage_in_bytes: 5614862336
memory_max_usage_in_bytes: 5739454464

Steal ticks since vm start: 0
Steal ticks percentage since vm start:  0.000

CPU: total 4 (initial active 4) (2 cores per cpu, 2 threads per core) family 6 model 158 stepping 9 microcode 0xea, cx8, cmov, fxsr, ht, mmx, 3dnowpref, sse, sse2, sse3, ssse3, sse4.1, sse4.2, popcnt, lzcnt, tsc, tscinvbit, aes, erms, clmul, clflush, clflushopt
CPU Model and flags from /proc/cpuinfo:
model name	: Intel(R) Pentium(R) CPU G4560 @ 3.50GHz
flags		: fpu vme de pse tsc msr pae mce cx8 apic sep mtrr pge mca cmov pat pse36 clflush dts acpi mmx fxsr sse sse2 ss ht tm pbe syscall nx pdpe1gb rdtscp lm constant_tsc art arch_perfmon pebs bts rep_good nopl xtopology nonstop_tsc cpuid aperfmperf pni pclmulqdq dtes64 monitor ds_cpl vmx est tm2 ssse3 sdbg cx16 xtpr pdcm pcid sse4_1 sse4_2 x2apic movbe popcnt tsc_deadline_timer aes xsave rdrand lahf_lm abm 3dnowprefetch cpuid_fault invpcid_single pti ssbd ibrs ibpb stibp tpr_shadow vnmi flexpriority ept vpid ept_ad fsgsbase tsc_adjust smep erms invpcid mpx rdseed smap clflushopt intel_pt xsaveopt xsavec xgetbv1 xsaves dtherm arat pln pts hwp hwp_notify hwp_act_window hwp_epp md_clear flush_l1d

Online cpus: 0-3
Offline cpus: 
BIOS frequency limitation: <Not Available>
Frequency switch latency (ns): 0
Available cpu frequencies: <Not Available>
Current governor: powersave
Core performance/turbo boost: <Not Available>

Memory: 4k page, physical 8053808k(367964k free), swap 2097148k(2097148k free)
Page Sizes: 4k

vm_info: OpenJDK 64-Bit Server VM (17.0.1+12) for linux-amd64 JRE (17.0.1+12), built on Oct 20 2021 12:00:24 by "" with gcc 7.5.0

END.
